[31/Oct/2017 08:08:08] INFO [django.server:124] "GET / HTTP/1.1" 200 1595
[31/Oct/2017 08:08:08] INFO [django.server:124] "GET /static/main.js HTTP/1.1" 200 2401
[31/Oct/2017 08:08:09] WARNING [django.request:152] Not Found: /favicon.ico
[31/Oct/2017 08:08:09] WARNING [django.server:124] "GET /favicon.ico HTTP/1.1" 404 3737
[31/Oct/2017 08:08:37] INFO [django.server:124] "GET /admin HTTP/1.1" 301 0
[31/Oct/2017 08:08:37] INFO [django.server:124] "GET /admin/ HTTP/1.1" 302 0
[31/Oct/2017 08:08:37] INFO [django.server:124] "GET /admin/login/?next=/admin/ HTTP/1.1" 200 1647
[31/Oct/2017 08:08:38] INFO [django.server:124] "GET /static/admin/css/login.css HTTP/1.1" 200 1203
[31/Oct/2017 08:08:38] INFO [django.server:124] "GET /static/admin/css/base.css HTTP/1.1" 200 16066
[31/Oct/2017 08:08:38] INFO [django.server:124] "GET /static/admin/css/fonts.css HTTP/1.1" 200 423
[31/Oct/2017 08:08:38] INFO [django.server:124] "GET /static/admin/fonts/Roboto-Regular-webfont.woff HTTP/1.1" 200 80304
[31/Oct/2017 08:08:38] INFO [django.server:124] "GET /static/admin/fonts/Roboto-Light-webfont.woff HTTP/1.1" 200 81348
[31/Oct/2017 08:10:10] INFO [django.server:124] "POST /admin/login/?next=/admin/ HTTP/1.1" 302 0
[31/Oct/2017 08:10:10] INFO [django.server:124] "GET /admin/ HTTP/1.1" 200 4630
[31/Oct/2017 08:10:10] INFO [django.server:124] "GET /static/admin/css/base.css HTTP/1.1" 304 0
[31/Oct/2017 08:10:10] INFO [django.server:124] "GET /static/admin/css/dashboard.css HTTP/1.1" 200 412
[31/Oct/2017 08:10:10] INFO [django.server:124] "GET /static/admin/css/fonts.css HTTP/1.1" 304 0
[31/Oct/2017 08:10:10] INFO [django.server:124] "GET /static/admin/fonts/Roboto-Regular-webfont.woff HTTP/1.1" 304 0
[31/Oct/2017 08:10:10] INFO [django.server:124] "GET /static/admin/fonts/Roboto-Light-webfont.woff HTTP/1.1" 304 0
[31/Oct/2017 08:10:10] INFO [django.server:124] "GET /static/admin/img/icon-addlink.svg HTTP/1.1" 200 331
[31/Oct/2017 08:10:10] INFO [django.server:124] "GET /static/admin/img/icon-changelink.svg HTTP/1.1" 200 380
[31/Oct/2017 08:10:10] INFO [django.server:124] "GET /static/admin/fonts/Roboto-Bold-webfont.woff HTTP/1.1" 200 82564
[31/Oct/2017 08:10:42] INFO [django.server:124] "GET /admin/auto_base/trip/ HTTP/1.1" 200 3035
[31/Oct/2017 08:10:42] INFO [django.server:124] "GET /static/admin/css/changelists.css HTTP/1.1" 200 6170
[31/Oct/2017 08:10:42] INFO [django.server:124] "GET /static/admin/js/core.js HTTP/1.1" 200 7976
[31/Oct/2017 08:10:42] INFO [django.server:124] "GET /static/admin/js/jquery.init.js HTTP/1.1" 200 363
[31/Oct/2017 08:10:42] INFO [django.server:124] "GET /static/admin/js/admin/RelatedObjectLookups.js HTTP/1.1" 200 6591
[31/Oct/2017 08:10:42] INFO [django.server:124] "GET /static/admin/js/vendor/jquery/jquery.js HTTP/1.1" 200 258648
[31/Oct/2017 08:10:42] INFO [django.server:124] "GET /static/admin/js/actions.js HTTP/1.1" 200 6501
[31/Oct/2017 08:10:42] INFO [django.server:124] "GET /static/admin/js/urlify.js HTTP/1.1" 200 8186
[31/Oct/2017 08:10:42] INFO [django.server:124] "GET /static/admin/js/prepopulate.js HTTP/1.1" 200 1538
[31/Oct/2017 08:10:42] INFO [django.server:124] "GET /admin/jsi18n/ HTTP/1.1" 200 3189
[31/Oct/2017 08:10:42] INFO [django.server:124] "GET /static/admin/js/vendor/xregexp/xregexp.js HTTP/1.1" 200 128820
[31/Oct/2017 08:10:42] INFO [django.server:124] "GET /static/admin/img/tooltag-add.svg HTTP/1.1" 200 331
[31/Oct/2017 08:10:45] INFO [django.server:124] "GET /admin/ HTTP/1.1" 200 4630
[31/Oct/2017 08:10:48] INFO [django.server:124] "GET /admin/auto_base/trip/ HTTP/1.1" 200 3035
[31/Oct/2017 08:10:48] INFO [django.server:124] "GET /admin/jsi18n/ HTTP/1.1" 200 3189
[31/Oct/2017 08:10:50] INFO [django.server:124] "GET /admin/ HTTP/1.1" 200 4630
[07/Nov/2017 08:52:01] INFO [django.server:124] "GET / HTTP/1.1" 200 1623
[07/Nov/2017 08:52:01] INFO [django.server:124] "GET /static/main.js HTTP/1.1" 200 2401
[07/Nov/2017 08:52:02] WARNING [django.request:152] Not Found: /favicon.ico
[07/Nov/2017 08:52:02] WARNING [django.server:124] "GET /favicon.ico HTTP/1.1" 404 3737
[07/Nov/2017 08:52:16] INFO [django.server:124] "GET /admin HTTP/1.1" 301 0
[07/Nov/2017 08:52:16] INFO [django.server:124] "GET /admin/ HTTP/1.1" 200 4630
[07/Nov/2017 08:52:16] INFO [django.server:124] "GET /static/admin/css/dashboard.css HTTP/1.1" 200 412
[07/Nov/2017 08:52:16] INFO [django.server:124] "GET /static/admin/css/base.css HTTP/1.1" 200 16066
[07/Nov/2017 08:52:16] INFO [django.server:124] "GET /static/admin/css/fonts.css HTTP/1.1" 200 423
[07/Nov/2017 08:52:16] INFO [django.server:124] "GET /static/admin/fonts/Roboto-Light-webfont.woff HTTP/1.1" 200 81348
[07/Nov/2017 08:52:16] INFO [django.server:124] "GET /static/admin/img/icon-addlink.svg HTTP/1.1" 200 331
[07/Nov/2017 08:52:16] INFO [django.server:124] "GET /static/admin/img/icon-changelink.svg HTTP/1.1" 200 380
[07/Nov/2017 08:52:16] INFO [django.server:124] "GET /static/admin/fonts/Roboto-Bold-webfont.woff HTTP/1.1" 200 82564
[07/Nov/2017 08:52:16] INFO [django.server:124] "GET /static/admin/fonts/Roboto-Regular-webfont.woff HTTP/1.1" 200 80304
[07/Nov/2017 08:52:46] INFO [django.server:124] "GET /admin/auth/user/ HTTP/1.1" 200 6446
[07/Nov/2017 08:52:46] INFO [django.server:124] "GET /static/admin/css/changelists.css HTTP/1.1" 200 6170
[07/Nov/2017 08:52:46] INFO [django.server:124] "GET /static/admin/js/core.js HTTP/1.1" 200 7976
[07/Nov/2017 08:52:46] INFO [django.server:124] "GET /static/admin/js/jquery.init.js HTTP/1.1" 200 363
[07/Nov/2017 08:52:46] INFO [django.server:124] "GET /static/admin/js/admin/RelatedObjectLookups.js HTTP/1.1" 200 6591
[07/Nov/2017 08:52:46] INFO [django.server:124] "GET /static/admin/js/actions.js HTTP/1.1" 200 6501
[07/Nov/2017 08:52:46] INFO [django.server:124] "GET /static/admin/js/urlify.js HTTP/1.1" 200 8186
[07/Nov/2017 08:52:46] INFO [django.server:124] "GET /static/admin/js/prepopulate.js HTTP/1.1" 200 1538
[07/Nov/2017 08:52:46] INFO [django.server:124] "GET /static/admin/js/vendor/jquery/jquery.js HTTP/1.1" 200 258648
[07/Nov/2017 08:52:46] INFO [django.server:124] "GET /static/admin/js/vendor/xregexp/xregexp.js HTTP/1.1" 200 128820
[07/Nov/2017 08:52:46] INFO [django.server:124] "GET /admin/jsi18n/ HTTP/1.1" 200 3189
[07/Nov/2017 08:52:46] INFO [django.server:124] "GET /static/admin/img/search.svg HTTP/1.1" 200 458
[07/Nov/2017 08:52:46] INFO [django.server:124] "GET /static/admin/img/icon-yes.svg HTTP/1.1" 200 436
[07/Nov/2017 08:52:47] INFO [django.server:124] "GET /static/admin/img/tooltag-add.svg HTTP/1.1" 200 331
[07/Nov/2017 08:52:47] INFO [django.server:124] "GET /static/admin/img/sorting-icons.svg HTTP/1.1" 200 1097
[07/Nov/2017 08:53:00] INFO [django.server:124] "GET / HTTP/1.1" 200 1623
[07/Nov/2017 08:53:14] INFO [django.server:124] "POST /i18n/setlang/ HTTP/1.1" 302 0
[07/Nov/2017 08:53:14] INFO [django.server:124] "GET / HTTP/1.1" 200 1626
[07/Nov/2017 08:53:19] INFO [django.server:124] "POST /i18n/setlang/ HTTP/1.1" 302 0
[07/Nov/2017 08:53:19] INFO [django.server:124] "GET / HTTP/1.1" 200 1623
[07/Nov/2017 08:53:24] INFO [django.server:124] "GET / HTTP/1.1" 200 1623
[07/Nov/2017 08:53:50] INFO [django.server:124] "GET /logout HTTP/1.1" 301 0
[07/Nov/2017 08:53:50] INFO [django.server:124] "GET /logout/ HTTP/1.1" 302 0
[07/Nov/2017 08:53:50] INFO [django.server:124] "GET / HTTP/1.1" 200 1595
[07/Nov/2017 08:53:53] INFO [django.server:124] "GET /login HTTP/1.1" 301 0
[07/Nov/2017 08:53:53] INFO [django.server:124] "GET /login/ HTTP/1.1" 200 2029
[07/Nov/2017 08:54:11] INFO [django.server:124] "POST /login/ HTTP/1.1" 302 0
[07/Nov/2017 08:54:11] INFO [django.server:124] "GET / HTTP/1.1" 200 1623
[07/Nov/2017 08:54:19] INFO [django.server:124] "GET /admin HTTP/1.1" 301 0
[07/Nov/2017 08:54:19] INFO [django.server:124] "GET /admin/ HTTP/1.1" 200 4630
[07/Nov/2017 08:54:21] INFO [django.server:124] "GET /admin/auth/user/ HTTP/1.1" 200 6446
[07/Nov/2017 08:54:21] INFO [django.server:124] "GET /admin/jsi18n/ HTTP/1.1" 200 3189
[07/Nov/2017 08:54:26] INFO [django.server:124] "GET /admin/auth/user/add/ HTTP/1.1" 200 5498
[07/Nov/2017 08:54:26] INFO [django.server:124] "GET /static/admin/css/forms.css HTTP/1.1" 200 8173
[07/Nov/2017 08:54:26] INFO [django.server:124] "GET /static/admin/js/change_form.js HTTP/1.1" 200 712
[07/Nov/2017 08:54:26] INFO [django.server:124] "GET /static/admin/js/prepopulate_init.js HTTP/1.1" 200 495
[07/Nov/2017 08:54:26] INFO [django.server:124] "GET /admin/jsi18n/ HTTP/1.1" 200 3189
[07/Nov/2017 08:54:26] INFO [django.server:124] "GET /static/admin/css/widgets.css HTTP/1.1" 200 10340
[07/Nov/2017 08:55:14] INFO [django.server:124] "POST /admin/auth/user/add/ HTTP/1.1" 302 0
[07/Nov/2017 08:55:14] INFO [django.server:124] "GET /admin/auth/user/2/change/ HTTP/1.1" 200 14357
[07/Nov/2017 08:55:14] INFO [django.server:124] "GET /static/admin/js/SelectBox.js HTTP/1.1" 200 5755
[07/Nov/2017 08:55:14] INFO [django.server:124] "GET /static/admin/js/SelectFilter2.js HTTP/1.1" 200 12389
[07/Nov/2017 08:55:14] INFO [django.server:124] "GET /static/admin/js/calendar.js HTTP/1.1" 200 7790
[07/Nov/2017 08:55:14] INFO [django.server:124] "GET /static/admin/js/admin/DateTimeShortcuts.js HTTP/1.1" 200 20529
[07/Nov/2017 08:55:14] INFO [django.server:124] "GET /admin/jsi18n/ HTTP/1.1" 200 3189
[07/Nov/2017 08:55:14] INFO [django.server:124] "GET /static/admin/img/icon-unknown.svg HTTP/1.1" 200 655
[07/Nov/2017 08:55:14] INFO [django.server:124] "GET /static/admin/img/icon-unknown-alt.svg HTTP/1.1" 200 655
[07/Nov/2017 08:55:14] INFO [django.server:124] "GET /static/admin/img/selector-icons.svg HTTP/1.1" 200 3291
[07/Nov/2017 08:55:14] INFO [django.server:124] "GET /static/admin/img/icon-clock.svg HTTP/1.1" 200 677
[07/Nov/2017 08:55:14] INFO [django.server:124] "GET /static/admin/img/icon-calendar.svg HTTP/1.1" 200 1086
[07/Nov/2017 08:57:22] INFO [django.server:124] "POST /admin/auth/user/2/change/ HTTP/1.1" 302 0
[07/Nov/2017 08:57:22] INFO [django.server:124] "GET /admin/auth/user/ HTTP/1.1" 200 7064
[07/Nov/2017 08:57:22] INFO [django.server:124] "GET /static/admin/img/icon-no.svg HTTP/1.1" 200 560
[07/Nov/2017 08:57:22] INFO [django.server:124] "GET /admin/jsi18n/ HTTP/1.1" 200 3189
[07/Nov/2017 08:57:29] INFO [django.server:124] "GET /admin/logout/ HTTP/1.1" 200 1007
[07/Nov/2017 08:57:34] INFO [django.server:124] "GET / HTTP/1.1" 200 1595
[07/Nov/2017 08:57:36] INFO [django.server:124] "GET /login HTTP/1.1" 301 0
[07/Nov/2017 08:57:36] INFO [django.server:124] "GET /login/ HTTP/1.1" 200 2029
[07/Nov/2017 08:57:40] INFO [django.server:124] "POST /login/ HTTP/1.1" 302 0
[07/Nov/2017 08:57:40] INFO [django.server:124] "GET / HTTP/1.1" 200 1623
[07/Nov/2017 08:58:43] WARNING [django.request:152] Not Found: /order_list
[07/Nov/2017 08:58:43] WARNING [django.server:124] "GET /order_list HTTP/1.1" 404 3734
[07/Nov/2017 09:01:09] INFO [django.server:124] "GET /logout HTTP/1.1" 301 0
[07/Nov/2017 09:01:09] INFO [django.server:124] "GET /logout/ HTTP/1.1" 302 0
[07/Nov/2017 09:01:10] INFO [django.server:124] "GET / HTTP/1.1" 200 1595
[07/Nov/2017 09:01:11] INFO [django.server:124] "GET /login HTTP/1.1" 301 0
[07/Nov/2017 09:01:11] INFO [django.server:124] "GET /login/ HTTP/1.1" 200 2029
[07/Nov/2017 09:01:17] INFO [django.server:124] "POST /login/ HTTP/1.1" 302 0
[07/Nov/2017 09:01:17] INFO [django.server:124] "GET / HTTP/1.1" 200 1623
[07/Nov/2017 09:01:21] INFO [django.server:124] "GET /admin HTTP/1.1" 301 0
[07/Nov/2017 09:01:21] INFO [django.server:124] "GET /admin/ HTTP/1.1" 200 5234
[07/Nov/2017 09:01:23] INFO [django.server:124] "GET /admin/auth/user/ HTTP/1.1" 200 6883
[07/Nov/2017 09:01:23] INFO [django.server:124] "GET /admin/jsi18n/ HTTP/1.1" 200 3189
[07/Nov/2017 09:01:34] INFO [django.server:124] "GET /admin/ HTTP/1.1" 200 5234
[07/Nov/2017 09:01:37] INFO [django.server:124] "GET /admin/auth/user/ HTTP/1.1" 200 6883
[07/Nov/2017 09:01:37] INFO [django.server:124] "GET /admin/jsi18n/ HTTP/1.1" 200 3189
[07/Nov/2017 09:01:48] INFO [django.server:124] "POST /admin/auth/user/ HTTP/1.1" 200 3149
[07/Nov/2017 09:01:48] INFO [django.server:124] "GET /static/admin/js/cancel.js HTTP/1.1" 200 204
[07/Nov/2017 09:01:51] INFO [django.server:124] "POST /admin/auth/user/ HTTP/1.1" 302 0
[07/Nov/2017 09:01:51] INFO [django.server:124] "GET /admin/auth/user/ HTTP/1.1" 200 6566
[07/Nov/2017 09:01:51] INFO [django.server:124] "GET /admin/jsi18n/ HTTP/1.1" 200 3189
[07/Nov/2017 09:02:06] INFO [django.server:124] "GET / HTTP/1.1" 200 1623
[07/Nov/2017 09:02:07] INFO [django.server:124] "GET /logout HTTP/1.1" 301 0
[07/Nov/2017 09:02:07] INFO [django.server:124] "GET /logout/ HTTP/1.1" 302 0
[07/Nov/2017 09:02:08] INFO [django.server:124] "GET / HTTP/1.1" 200 1595
[07/Nov/2017 09:02:10] INFO [django.server:124] "GET /login HTTP/1.1" 301 0
[07/Nov/2017 09:02:10] INFO [django.server:124] "GET /login/ HTTP/1.1" 200 2029
[07/Nov/2017 09:02:20] INFO [django.server:124] "GET / HTTP/1.1" 200 1595
[07/Nov/2017 09:03:11] INFO [django.server:124] "GET / HTTP/1.1" 200 1595
[07/Nov/2017 09:03:13] INFO [django.server:124] "GET /login HTTP/1.1" 301 0
[07/Nov/2017 09:03:13] INFO [django.server:124] "GET /login/ HTTP/1.1" 200 2029
[07/Nov/2017 13:29:33] INFO [django.server:124] "POST /login/ HTTP/1.1" 302 0
[07/Nov/2017 13:29:33] INFO [django.server:124] "GET / HTTP/1.1" 200 1623
[07/Nov/2017 13:29:41] INFO [django.server:124] "GET /admin HTTP/1.1" 301 0
[07/Nov/2017 13:29:41] INFO [django.server:124] "GET /admin/ HTTP/1.1" 200 5480
[07/Nov/2017 13:29:41] INFO [django.server:124] "GET /static/admin/img/icon-deletelink.svg HTTP/1.1" 200 392
[07/Nov/2017 13:30:17] INFO [django.server:124] "GET /admin/auth/user/ HTTP/1.1" 200 6446
[07/Nov/2017 13:30:17] INFO [django.server:124] "GET /admin/jsi18n/ HTTP/1.1" 200 3189
[07/Nov/2017 13:30:21] INFO [django.server:124] "GET /admin/ HTTP/1.1" 200 5480
[07/Nov/2017 13:30:23] INFO [django.server:124] "GET /admin/auth/user/add/ HTTP/1.1" 200 5498
[07/Nov/2017 13:30:23] INFO [django.server:124] "GET /admin/jsi18n/ HTTP/1.1" 200 3189
[07/Nov/2017 13:30:32] INFO [django.server:124] "POST /admin/auth/user/add/ HTTP/1.1" 302 0
[07/Nov/2017 13:30:32] INFO [django.server:124] "GET /admin/auth/user/3/change/ HTTP/1.1" 200 14357
[07/Nov/2017 13:30:32] INFO [django.server:124] "GET /admin/jsi18n/ HTTP/1.1" 200 3189
[07/Nov/2017 13:30:46] INFO [django.server:124] "POST /admin/auth/user/3/change/ HTTP/1.1" 302 0
[07/Nov/2017 13:30:46] INFO [django.server:124] "GET /admin/auth/user/ HTTP/1.1" 200 7064
[07/Nov/2017 13:30:46] INFO [django.server:124] "GET /admin/jsi18n/ HTTP/1.1" 200 3189
[07/Nov/2017 13:30:51] INFO [django.server:124] "GET /admin/auth/user/3/change/ HTTP/1.1" 200 14206
[07/Nov/2017 13:30:54] INFO [django.server:124] "GET /admin/auth/user/ HTTP/1.1" 200 6883
[07/Nov/2017 13:30:56] INFO [django.server:124] "GET /admin/ HTTP/1.1" 200 6051
[07/Nov/2017 13:31:05] INFO [django.server:124] "GET /admin/auto_base/driver/ HTTP/1.1" 200 3049
[07/Nov/2017 13:31:05] INFO [django.server:124] "GET /admin/jsi18n/ HTTP/1.1" 200 3189
[07/Nov/2017 13:31:09] INFO [django.server:124] "GET /admin/auto_base/driver/add/ HTTP/1.1" 200 4484
[07/Nov/2017 13:31:09] INFO [django.server:124] "GET /admin/jsi18n/ HTTP/1.1" 200 3189
[07/Nov/2017 13:31:22] INFO [django.server:124] "POST /admin/auto_base/driver/add/ HTTP/1.1" 302 0
[07/Nov/2017 13:31:22] INFO [django.server:124] "GET /admin/auto_base/driver/ HTTP/1.1" 200 4374
[07/Nov/2017 13:31:22] INFO [django.server:124] "GET /admin/jsi18n/ HTTP/1.1" 200 3189
[07/Nov/2017 13:31:27] INFO [django.server:124] "GET /admin/auto_base/ HTTP/1.1" 200 3431
[07/Nov/2017 13:31:35] INFO [django.server:124] "GET /admin/auto_base/car/ HTTP/1.1" 200 3028
[07/Nov/2017 13:31:35] INFO [django.server:124] "GET /admin/jsi18n/ HTTP/1.1" 200 3189
[07/Nov/2017 13:31:41] INFO [django.server:124] "GET /admin/auto_base/car/add/ HTTP/1.1" 200 7292
[07/Nov/2017 13:31:41] INFO [django.server:124] "GET /admin/jsi18n/ HTTP/1.1" 200 3189
[07/Nov/2017 13:34:42] INFO [django.server:124] "POST /admin/auto_base/car/add/ HTTP/1.1" 302 0
[07/Nov/2017 13:34:42] INFO [django.server:124] "GET /admin/auto_base/car/ HTTP/1.1" 200 4334
[07/Nov/2017 13:34:42] INFO [django.server:124] "GET /admin/jsi18n/ HTTP/1.1" 200 3189
[07/Nov/2017 13:34:56] INFO [django.server:124] "GET /admin/auto_base/ HTTP/1.1" 200 3431
[07/Nov/2017 13:34:58] INFO [django.server:124] "GET /admin/auto_base/trip/ HTTP/1.1" 200 3035
[07/Nov/2017 13:34:58] INFO [django.server:124] "GET /admin/jsi18n/ HTTP/1.1" 200 3189
[07/Nov/2017 13:35:01] INFO [django.server:124] "GET /admin/auto_base/trip/add/ HTTP/1.1" 200 4330
[07/Nov/2017 13:35:01] INFO [django.server:124] "GET /admin/jsi18n/ HTTP/1.1" 200 3189
[07/Nov/2017 13:35:11] INFO [django.server:124] "POST /admin/auto_base/trip/add/ HTTP/1.1" 302 0
[07/Nov/2017 13:35:11] INFO [django.server:124] "GET /admin/auto_base/trip/ HTTP/1.1" 200 4364
[07/Nov/2017 13:35:11] INFO [django.server:124] "GET /admin/jsi18n/ HTTP/1.1" 200 3189
[07/Nov/2017 13:35:21] INFO [django.server:124] "GET /admin/auto_base/ HTTP/1.1" 200 3431
[07/Nov/2017 13:35:23] INFO [django.server:124] "GET /admin/auto_base/order/ HTTP/1.1" 200 3042
[07/Nov/2017 13:35:23] INFO [django.server:124] "GET /admin/jsi18n/ HTTP/1.1" 200 3189
[07/Nov/2017 13:35:25] INFO [django.server:124] "GET /admin/auto_base/order/add/ HTTP/1.1" 200 6453
[07/Nov/2017 13:35:25] INFO [django.server:124] "GET /admin/jsi18n/ HTTP/1.1" 200 3189
[07/Nov/2017 13:36:20] INFO [django.server:124] "POST /admin/auto_base/order/add/ HTTP/1.1" 302 0
[07/Nov/2017 13:36:20] INFO [django.server:124] "GET /admin/auto_base/order/ HTTP/1.1" 200 4394
[07/Nov/2017 13:36:20] INFO [django.server:124] "GET /admin/jsi18n/ HTTP/1.1" 200 3189
[07/Nov/2017 13:36:27] INFO [django.server:124] "GET /admin/logout/ HTTP/1.1" 200 1007
[07/Nov/2017 13:36:30] INFO [django.server:124] "GET /admin/ HTTP/1.1" 302 0
[07/Nov/2017 13:36:30] INFO [django.server:124] "GET /admin/login/?next=/admin/ HTTP/1.1" 200 1647
[07/Nov/2017 13:36:30] INFO [django.server:124] "GET /static/admin/css/login.css HTTP/1.1" 200 1203
[07/Nov/2017 13:36:32] INFO [django.server:124] "POST /admin/login/?next=/admin/ HTTP/1.1" 200 1814
[07/Nov/2017 13:36:42] INFO [django.server:124] "GET / HTTP/1.1" 200 1595
[07/Nov/2017 13:36:44] INFO [django.server:124] "GET /login HTTP/1.1" 301 0
[07/Nov/2017 13:36:44] INFO [django.server:124] "GET /login/ HTTP/1.1" 200 2029
[07/Nov/2017 13:36:45] INFO [django.server:124] "POST /login/ HTTP/1.1" 302 0
[07/Nov/2017 13:36:45] INFO [django.server:124] "GET / HTTP/1.1" 200 1928
[07/Nov/2017 13:36:52] INFO [django.server:124] "POST /i18n/setlang/ HTTP/1.1" 302 0
[07/Nov/2017 13:36:52] INFO [django.server:124] "GET / HTTP/1.1" 200 1931
[07/Nov/2017 13:37:07] INFO [django.server:124] "GET / HTTP/1.1" 200 1931
[07/Nov/2017 13:37:16] INFO [django.server:124] "GET /order/1 HTTP/1.1" 200 2060
[07/Nov/2017 13:37:24] WARNING [django.server:124] "PUT /api/order/1 HTTP/1.1" 403 46
[07/Nov/2017 13:37:29] INFO [django.server:124] "GET / HTTP/1.1" 200 1931
[07/Nov/2017 13:37:31] INFO [django.server:124] "GET /order/1 HTTP/1.1" 200 2060
[07/Nov/2017 13:37:32] INFO [django.server:124] "GET / HTTP/1.1" 200 1931
[07/Nov/2017 13:38:28] INFO [django.server:124] "GET / HTTP/1.1" 200 1931
[07/Nov/2017 13:38:38] INFO [django.server:124] "GET / HTTP/1.1" 200 1931
[07/Nov/2017 13:38:39] INFO [django.server:124] "GET / HTTP/1.1" 200 1931
[07/Nov/2017 13:38:40] INFO [django.server:124] "GET / HTTP/1.1" 200 1931
[07/Nov/2017 13:38:43] INFO [django.server:124] "POST /i18n/setlang/ HTTP/1.1" 302 0
[07/Nov/2017 13:38:43] INFO [django.server:124] "GET / HTTP/1.1" 200 1928
[07/Nov/2017 13:38:46] INFO [django.server:124] "POST /i18n/setlang/ HTTP/1.1" 302 0
[07/Nov/2017 13:38:46] INFO [django.server:124] "GET / HTTP/1.1" 200 1931
[07/Nov/2017 13:38:48] INFO [django.server:124] "POST /i18n/setlang/ HTTP/1.1" 302 0
[07/Nov/2017 13:38:49] INFO [django.server:124] "GET / HTTP/1.1" 200 1928
[07/Nov/2017 13:38:51] INFO [django.server:124] "POST /i18n/setlang/ HTTP/1.1" 302 0
[07/Nov/2017 13:38:51] INFO [django.server:124] "GET / HTTP/1.1" 200 1931
[07/Nov/2017 13:44:27] INFO [django.server:124] "GET / HTTP/1.1" 200 1931
[07/Nov/2017 13:44:30] INFO [django.server:124] "GET / HTTP/1.1" 200 1931
[07/Nov/2017 13:45:46] INFO [django.server:124] "GET /logout HTTP/1.1" 301 0
[07/Nov/2017 13:45:46] INFO [django.server:124] "GET /logout/ HTTP/1.1" 302 0
[07/Nov/2017 13:45:46] INFO [django.server:124] "GET / HTTP/1.1" 200 1595
[07/Nov/2017 13:45:50] INFO [django.server:124] "POST /i18n/setlang/ HTTP/1.1" 302 0
[07/Nov/2017 13:45:50] INFO [django.server:124] "GET / HTTP/1.1" 200 1595
[07/Nov/2017 13:45:52] INFO [django.server:124] "POST /i18n/setlang/ HTTP/1.1" 302 0
[07/Nov/2017 13:45:52] INFO [django.server:124] "GET / HTTP/1.1" 200 1595
[07/Nov/2017 13:50:04] INFO [django.server:124] "GET / HTTP/1.1" 200 1595
[07/Nov/2017 13:50:08] INFO [django.server:124] "GET / HTTP/1.1" 200 1595
[07/Nov/2017 13:50:13] INFO [django.server:124] "POST /i18n/setlang/ HTTP/1.1" 302 0
[07/Nov/2017 13:50:13] INFO [django.server:124] "GET / HTTP/1.1" 200 1595
[07/Nov/2017 13:50:18] INFO [django.server:124] "POST /i18n/setlang/ HTTP/1.1" 302 0
[07/Nov/2017 13:50:18] INFO [django.server:124] "GET / HTTP/1.1" 200 1595
[07/Nov/2017 13:51:04] INFO [django.server:124] "GET / HTTP/1.1" 200 1595
[07/Nov/2017 13:51:06] INFO [django.server:124] "GET / HTTP/1.1" 200 1595
[07/Nov/2017 13:51:09] INFO [django.server:124] "POST /i18n/setlang/ HTTP/1.1" 302 0
[07/Nov/2017 13:51:09] INFO [django.server:124] "GET / HTTP/1.1" 200 1595
[07/Nov/2017 13:51:11] INFO [django.server:124] "POST /i18n/setlang/ HTTP/1.1" 302 0
[07/Nov/2017 13:51:11] INFO [django.server:124] "GET / HTTP/1.1" 200 1595
[07/Nov/2017 13:51:57] INFO [django.server:124] "GET / HTTP/1.1" 200 1595
[07/Nov/2017 13:52:08] INFO [django.server:124] "POST /i18n/setlang/ HTTP/1.1" 302 0
[07/Nov/2017 13:52:08] INFO [django.server:124] "GET / HTTP/1.1" 200 1595
[07/Nov/2017 13:52:11] INFO [django.server:124] "POST /i18n/setlang/ HTTP/1.1" 302 0
[07/Nov/2017 13:52:11] INFO [django.server:124] "GET / HTTP/1.1" 200 1595
[07/Nov/2017 13:54:33] INFO [django.server:124] "GET / HTTP/1.1" 200 1595
[07/Nov/2017 13:54:35] INFO [django.server:124] "GET /login HTTP/1.1" 301 0
[07/Nov/2017 13:54:35] INFO [django.server:124] "GET /login/ HTTP/1.1" 200 2056
[07/Nov/2017 13:54:41] INFO [django.server:124] "POST /login/ HTTP/1.1" 302 0
[07/Nov/2017 13:54:41] INFO [django.server:124] "GET / HTTP/1.1" 200 1925
[07/Nov/2017 13:58:48] INFO [django.server:124] "GET / HTTP/1.1" 200 1931
[07/Nov/2017 13:58:50] INFO [django.server:124] "GET / HTTP/1.1" 200 1931
[07/Nov/2017 13:59:25] INFO [django.server:124] "GET / HTTP/1.1" 200 1937
[07/Nov/2017 13:59:50] INFO [django.server:124] "GET / HTTP/1.1" 200 1931
[07/Nov/2017 13:59:52] INFO [django.server:124] "GET / HTTP/1.1" 200 1931
[07/Nov/2017 14:00:24] INFO [django.server:124] "GET / HTTP/1.1" 200 1932
[07/Nov/2017 14:01:09] INFO [django.server:124] "GET / HTTP/1.1" 200 1932
[07/Nov/2017 14:01:12] INFO [django.server:124] "GET / HTTP/1.1" 200 1932
[07/Nov/2017 14:10:59] INFO [django.server:124] "GET / HTTP/1.1" 200 1931
[07/Nov/2017 14:11:02] INFO [django.server:124] "GET / HTTP/1.1" 200 1931
[07/Nov/2017 14:11:52] INFO [django.server:124] "GET / HTTP/1.1" 200 1932
[07/Nov/2017 14:22:43] INFO [django.server:124] "GET / HTTP/1.1" 200 1929
[07/Nov/2017 14:22:53] INFO [django.server:124] "GET / HTTP/1.1" 200 1929
[07/Nov/2017 14:24:29] INFO [django.server:124] "GET / HTTP/1.1" 200 1929
[07/Nov/2017 14:24:34] INFO [django.server:124] "GET /order/1 HTTP/1.1" 200 2060
[07/Nov/2017 14:27:28] INFO [django.server:124] "GET / HTTP/1.1" 200 1929
[07/Nov/2017 14:27:58] INFO [django.server:124] "GET / HTTP/1.1" 200 1929
[07/Nov/2017 14:41:07] INFO [django.server:124] "GET / HTTP/1.1" 200 1929
[07/Nov/2017 14:41:11] INFO [django.server:124] "GET / HTTP/1.1" 200 1929
[07/Nov/2017 14:41:19] INFO [django.server:124] "GET / HTTP/1.1" 200 1929
[07/Nov/2017 14:41:22] INFO [django.server:124] "GET / HTTP/1.1" 200 1929
[07/Nov/2017 15:21:02] INFO [django.server:124] "GET / HTTP/1.1" 200 1951
[07/Nov/2017 15:22:31] INFO [django.server:124] "GET / HTTP/1.1" 200 1948
[07/Nov/2017 15:29:45] INFO [django.server:124] "GET / HTTP/1.1" 200 2003
[07/Nov/2017 15:29:46] INFO [django.server:124] "GET /static/style.css HTTP/1.1" 200 98
[07/Nov/2017 15:29:46] INFO [django.server:124] "GET /static/img/background.png HTTP/1.1" 200 1870578
[07/Nov/2017 15:29:51] INFO [django.server:124] "GET / HTTP/1.1" 200 2003
[07/Nov/2017 15:29:51] INFO [django.server:124] "GET /static/style.css HTTP/1.1" 304 0
[07/Nov/2017 15:29:53] INFO [django.server:124] "GET / HTTP/1.1" 200 2003
[07/Nov/2017 15:29:55] INFO [django.server:124] "GET / HTTP/1.1" 200 2003
[07/Nov/2017 15:29:55] INFO [django.server:124] "GET /static/style.css HTTP/1.1" 304 0
[07/Nov/2017 15:30:01] INFO [django.server:124] "POST /i18n/setlang/ HTTP/1.1" 302 0
[07/Nov/2017 15:30:01] INFO [django.server:124] "GET / HTTP/1.1" 200 1981
[07/Nov/2017 15:30:01] INFO [django.server:124] "GET /static/style.css HTTP/1.1" 304 0
[07/Nov/2017 15:30:01] INFO [django.server:124] "GET /static/img/background.png HTTP/1.1" 304 0
[07/Nov/2017 15:31:27] INFO [django.server:124] "GET / HTTP/1.1" 200 1993
[07/Nov/2017 15:31:27] INFO [django.server:124] "GET /static/style.css HTTP/1.1" 200 138
[07/Nov/2017 15:31:27] INFO [django.server:124] "GET /static/img/background.png HTTP/1.1" 304 0
[07/Nov/2017 15:31:54] INFO [django.server:124] "GET / HTTP/1.1" 200 1993
[07/Nov/2017 15:31:54] INFO [django.server:124] "GET /static/style.css HTTP/1.1" 200 138
[07/Nov/2017 15:31:54] INFO [django.server:124] "GET /static/img/background.png HTTP/1.1" 304 0
[07/Nov/2017 15:32:16] INFO [django.server:124] "GET / HTTP/1.1" 200 1993
[07/Nov/2017 15:32:16] INFO [django.server:124] "GET /static/style.css HTTP/1.1" 200 139
[07/Nov/2017 15:33:43] INFO [django.server:124] "GET / HTTP/1.1" 200 1972
[07/Nov/2017 15:33:43] INFO [django.server:124] "GET /static/style.css HTTP/1.1" 200 185
[07/Nov/2017 15:33:43] INFO [django.server:124] "GET /static/img/background.png HTTP/1.1" 304 0
[07/Nov/2017 15:34:01] INFO [django.server:124] "GET / HTTP/1.1" 200 1972
[07/Nov/2017 15:34:01] INFO [django.server:124] "GET /static/style.css HTTP/1.1" 200 183
[07/Nov/2017 15:34:28] INFO [django.server:124] "GET / HTTP/1.1" 200 1972
[07/Nov/2017 15:34:28] INFO [django.server:124] "GET /static/style.css HTTP/1.1" 200 185
[07/Nov/2017 15:34:28] INFO [django.server:124] "GET /static/img/background.png HTTP/1.1" 304 0
[07/Nov/2017 15:34:30] INFO [django.server:124] "GET / HTTP/1.1" 200 1972
[07/Nov/2017 15:34:30] INFO [django.server:124] "GET /static/style.css HTTP/1.1" 304 0
[07/Nov/2017 15:34:52] INFO [django.server:124] "GET / HTTP/1.1" 200 1977
[07/Nov/2017 15:34:52] INFO [django.server:124] "GET /static/style.css HTTP/1.1" 304 0
[07/Nov/2017 15:35:26] INFO [django.server:124] "GET / HTTP/1.1" 200 1977
[07/Nov/2017 15:35:26] INFO [django.server:124] "GET /static/style.css HTTP/1.1" 200 187
[07/Nov/2017 15:35:26] INFO [django.server:124] "GET /static/img/background.png HTTP/1.1" 304 0
[07/Nov/2017 15:35:29] INFO [django.server:124] "GET /static/style.css HTTP/1.1" 304 0
[07/Nov/2017 15:35:58] INFO [django.server:124] "GET / HTTP/1.1" 200 1977
[07/Nov/2017 15:35:58] INFO [django.server:124] "GET /static/style.css HTTP/1.1" 200 212
[07/Nov/2017 15:36:00] INFO [django.server:124] "GET / HTTP/1.1" 200 1977
[07/Nov/2017 15:36:00] INFO [django.server:124] "GET /static/style.css HTTP/1.1" 304 0
[07/Nov/2017 15:37:13] INFO [django.server:124] "GET / HTTP/1.1" 200 1977
[07/Nov/2017 15:37:13] INFO [django.server:124] "GET /static/style.css HTTP/1.1" 200 211
[07/Nov/2017 15:37:13] INFO [django.server:124] "GET /static/img/background.png HTTP/1.1" 304 0
[07/Nov/2017 15:37:19] INFO [django.server:124] "POST /i18n/setlang/ HTTP/1.1" 302 0
[07/Nov/2017 15:37:20] INFO [django.server:124] "GET / HTTP/1.1" 200 1999
[07/Nov/2017 15:37:20] INFO [django.server:124] "GET /static/style.css HTTP/1.1" 304 0
[07/Nov/2017 15:37:22] INFO [django.server:124] "POST /i18n/setlang/ HTTP/1.1" 302 0
[07/Nov/2017 15:37:22] INFO [django.server:124] "GET / HTTP/1.1" 200 1977
[07/Nov/2017 15:37:22] INFO [django.server:124] "GET /static/style.css HTTP/1.1" 304 0
[07/Nov/2017 15:37:24] INFO [django.server:124] "GET /order/1 HTTP/1.1" 200 2108
[07/Nov/2017 15:37:24] INFO [django.server:124] "GET /static/style.css HTTP/1.1" 304 0
[07/Nov/2017 15:37:30] INFO [django.server:124] "POST /i18n/setlang/ HTTP/1.1" 302 0
[07/Nov/2017 15:37:30] INFO [django.server:124] "GET /order/1 HTTP/1.1" 200 2156
[07/Nov/2017 15:37:30] INFO [django.server:124] "GET /static/style.css HTTP/1.1" 304 0
[07/Nov/2017 15:37:37] INFO [django.server:124] "GET /static/style.css HTTP/1.1" 304 0
[07/Nov/2017 15:38:38] INFO [django.server:124] "GET /order/1 HTTP/1.1" 200 2156
[07/Nov/2017 15:38:38] INFO [django.server:124] "GET /static/style.css HTTP/1.1" 200 292
[07/Nov/2017 15:38:38] INFO [django.server:124] "GET /static/img/background.png HTTP/1.1" 304 0
[07/Nov/2017 15:38:52] INFO [django.server:124] "GET / HTTP/1.1" 200 1999
[07/Nov/2017 15:38:52] INFO [django.server:124] "GET /static/style.css HTTP/1.1" 304 0
[07/Nov/2017 15:38:53] INFO [django.server:124] "GET /order/1 HTTP/1.1" 200 2156
[07/Nov/2017 15:38:57] INFO [django.server:124] "POST /i18n/setlang/ HTTP/1.1" 302 0
[07/Nov/2017 15:38:57] INFO [django.server:124] "GET /order/1 HTTP/1.1" 200 2108
[07/Nov/2017 15:38:57] INFO [django.server:124] "GET /static/style.css HTTP/1.1" 304 0
[07/Nov/2017 15:38:59] INFO [django.server:124] "POST /i18n/setlang/ HTTP/1.1" 302 0
[07/Nov/2017 15:38:59] INFO [django.server:124] "GET /order/1 HTTP/1.1" 200 2156
[07/Nov/2017 15:38:59] INFO [django.server:124] "GET /static/style.css HTTP/1.1" 304 0
[07/Nov/2017 15:39:07] INFO [django.server:124] "POST /i18n/setlang/ HTTP/1.1" 302 0
[07/Nov/2017 15:39:07] INFO [django.server:124] "GET /order/1 HTTP/1.1" 200 2108
[07/Nov/2017 15:39:08] INFO [django.server:124] "GET /static/style.css HTTP/1.1" 304 0
[07/Nov/2017 15:39:24] INFO [django.server:124] "GET /order/1 HTTP/1.1" 200 2108
[07/Nov/2017 15:39:24] INFO [django.server:124] "GET /static/style.css HTTP/1.1" 304 0
[07/Nov/2017 15:39:26] INFO [django.server:124] "POST /i18n/setlang/ HTTP/1.1" 302 0
[07/Nov/2017 15:39:26] INFO [django.server:124] "GET /order/1 HTTP/1.1" 200 2156
[07/Nov/2017 15:39:28] INFO [django.server:124] "GET /order/1 HTTP/1.1" 200 2156
[07/Nov/2017 15:39:30] INFO [django.server:124] "GET /order/1 HTTP/1.1" 200 2156
[07/Nov/2017 15:39:30] INFO [django.server:124] "GET /static/style.css HTTP/1.1" 304 0
[07/Nov/2017 15:39:46] INFO [django.server:124] "GET /order/1 HTTP/1.1" 200 2154
[07/Nov/2017 15:39:46] INFO [django.server:124] "GET /static/style.css HTTP/1.1" 304 0
[07/Nov/2017 15:39:46] INFO [django.server:124] "GET /static/img/background.png HTTP/1.1" 304 0
[07/Nov/2017 15:39:49] INFO [django.server:124] "POST /i18n/setlang/ HTTP/1.1" 302 0
[07/Nov/2017 15:39:49] INFO [django.server:124] "GET /order/1 HTTP/1.1" 200 2108
[07/Nov/2017 15:42:11] INFO [django.server:124] "GET /order/1 HTTP/1.1" 200 2116
[07/Nov/2017 15:42:11] INFO [django.server:124] "GET /static/style.css HTTP/1.1" 304 0
[07/Nov/2017 15:42:11] INFO [django.server:124] "GET /static/img/background.png HTTP/1.1" 304 0
[07/Nov/2017 15:45:58] INFO [django.server:124] "GET /order/1 HTTP/1.1" 200 2145
[07/Nov/2017 15:45:58] INFO [django.server:124] "GET /static/style.css HTTP/1.1" 304 0
[07/Nov/2017 15:45:58] INFO [django.server:124] "GET /static/img/background.png HTTP/1.1" 304 0
[07/Nov/2017 15:46:02] INFO [django.server:124] "GET /logout HTTP/1.1" 301 0
[07/Nov/2017 15:46:02] INFO [django.server:124] "GET /logout/ HTTP/1.1" 302 0
[07/Nov/2017 15:46:02] INFO [django.server:124] "GET / HTTP/1.1" 200 1662
[07/Nov/2017 15:46:03] INFO [django.server:124] "GET /login HTTP/1.1" 301 0
[07/Nov/2017 15:46:04] INFO [django.server:124] "GET /login/ HTTP/1.1" 200 2096
[07/Nov/2017 15:46:07] INFO [django.server:124] "GET /login HTTP/1.1" 301 0
[07/Nov/2017 15:46:07] INFO [django.server:124] "GET /login/ HTTP/1.1" 200 2096
[07/Nov/2017 15:46:09] INFO [django.server:124] "POST /login/ HTTP/1.1" 302 0
[07/Nov/2017 15:46:09] INFO [django.server:124] "GET / HTTP/1.1" 200 2010
[07/Nov/2017 15:46:11] INFO [django.server:124] "GET /logout HTTP/1.1" 301 0
[07/Nov/2017 15:46:11] INFO [django.server:124] "GET /logout/ HTTP/1.1" 302 0
[07/Nov/2017 15:46:11] INFO [django.server:124] "GET / HTTP/1.1" 200 1662
[07/Nov/2017 15:46:51] INFO [django.server:124] "GET / HTTP/1.1" 200 1697
[07/Nov/2017 15:46:51] INFO [django.server:124] "GET /static/style.css HTTP/1.1" 304 0
[07/Nov/2017 15:47:19] INFO [django.server:124] "GET / HTTP/1.1" 200 1709
[07/Nov/2017 15:47:43] INFO [django.server:124] "GET / HTTP/1.1" 200 1721
[07/Nov/2017 15:47:43] INFO [django.server:124] "GET /static/style.css HTTP/1.1" 304 0
[07/Nov/2017 15:48:16] INFO [django.server:124] "GET / HTTP/1.1" 200 1709
[07/Nov/2017 15:48:16] INFO [django.server:124] "GET /static/img/background.png HTTP/1.1" 304 0
[07/Nov/2017 15:48:39] INFO [django.server:124] "GET / HTTP/1.1" 200 1709
[07/Nov/2017 15:48:39] INFO [django.server:124] "GET /static/style.css HTTP/1.1" 200 290
[07/Nov/2017 15:48:43] INFO [django.server:124] "GET /login HTTP/1.1" 301 0
[07/Nov/2017 15:48:43] INFO [django.server:124] "GET /login/ HTTP/1.1" 200 2143
[07/Nov/2017 15:48:43] INFO [django.server:124] "GET /static/style.css HTTP/1.1" 304 0
[07/Nov/2017 15:48:47] INFO [django.server:124] "GET /static/style.css HTTP/1.1" 304 0
[07/Nov/2017 15:49:10] INFO [django.server:124] "GET /login/ HTTP/1.1" 200 2143
[07/Nov/2017 15:49:10] INFO [django.server:124] "GET /static/style.css HTTP/1.1" 200 316
[07/Nov/2017 15:49:27] INFO [django.server:124] "GET /login/ HTTP/1.1" 200 2143
[07/Nov/2017 15:49:27] INFO [django.server:124] "GET /static/style.css HTTP/1.1" 200 317
[07/Nov/2017 15:49:59] INFO [django.server:124] "GET /login/ HTTP/1.1" 200 2143
[07/Nov/2017 15:49:59] INFO [django.server:124] "GET /static/style.css HTTP/1.1" 200 320
[07/Nov/2017 15:50:04] INFO [django.server:124] "GET /login HTTP/1.1" 301 0
[07/Nov/2017 15:50:04] INFO [django.server:124] "GET /login/ HTTP/1.1" 200 2143
[07/Nov/2017 15:50:04] INFO [django.server:124] "GET /static/style.css HTTP/1.1" 304 0
[07/Nov/2017 15:50:06] INFO [django.server:124] "GET / HTTP/1.1" 200 1709
[07/Nov/2017 15:50:06] INFO [django.server:124] "GET /static/style.css HTTP/1.1" 304 0
[07/Nov/2017 15:50:07] INFO [django.server:124] "GET /login/ HTTP/1.1" 200 2143
[07/Nov/2017 15:50:10] INFO [django.server:124] "POST /login/ HTTP/1.1" 302 0
[07/Nov/2017 15:50:10] INFO [django.server:124] "GET / HTTP/1.1" 200 2071
[07/Nov/2017 15:50:10] INFO [django.server:124] "GET /static/style.css HTTP/1.1" 304 0
[07/Nov/2017 15:50:16] INFO [django.server:124] "GET / HTTP/1.1" 200 2071
[07/Nov/2017 15:50:16] INFO [django.server:124] "GET /static/style.css HTTP/1.1" 304 0
[07/Nov/2017 15:50:17] INFO [django.server:124] "GET /logout HTTP/1.1" 301 0
[07/Nov/2017 15:50:17] INFO [django.server:124] "GET /logout/ HTTP/1.1" 302 0
[07/Nov/2017 15:50:17] INFO [django.server:124] "GET / HTTP/1.1" 200 1709
[07/Nov/2017 15:52:14] INFO [django.server:124] "GET / HTTP/1.1" 200 1723
[07/Nov/2017 15:52:14] INFO [django.server:124] "GET /static/style.css HTTP/1.1" 200 365
[07/Nov/2017 15:52:14] INFO [django.server:124] "GET /static/img/background.png HTTP/1.1" 304 0
[07/Nov/2017 15:52:16] INFO [django.server:124] "GET /login HTTP/1.1" 301 0
[07/Nov/2017 15:52:16] INFO [django.server:124] "GET /login/ HTTP/1.1" 200 2157
[07/Nov/2017 15:52:19] INFO [django.server:124] "POST /login/ HTTP/1.1" 302 0
[07/Nov/2017 15:52:19] INFO [django.server:124] "GET / HTTP/1.1" 200 2073
[07/Nov/2017 15:52:19] INFO [django.server:124] "GET /static/style.css HTTP/1.1" 304 0
[07/Nov/2017 15:52:21] INFO [django.server:124] "GET /logout HTTP/1.1" 301 0
[07/Nov/2017 15:52:21] INFO [django.server:124] "GET /logout/ HTTP/1.1" 302 0
[07/Nov/2017 15:52:21] INFO [django.server:124] "GET / HTTP/1.1" 200 1723
[07/Nov/2017 15:52:23] INFO [django.server:124] "GET / HTTP/1.1" 200 1723
[07/Nov/2017 15:52:24] INFO [django.server:124] "GET /login HTTP/1.1" 301 0
[07/Nov/2017 15:52:24] INFO [django.server:124] "GET /login/ HTTP/1.1" 200 2157
[07/Nov/2017 15:52:24] INFO [django.server:124] "GET /static/style.css HTTP/1.1" 304 0
[07/Nov/2017 15:53:41] INFO [django.server:124] "GET /login/ HTTP/1.1" 200 2111
[07/Nov/2017 15:53:41] INFO [django.server:124] "GET /static/style.css HTTP/1.1" 304 0
[07/Nov/2017 15:55:35] INFO [django.server:124] "GET /login/ HTTP/1.1" 200 2111
[07/Nov/2017 15:55:35] INFO [django.server:124] "GET /static/style.css HTTP/1.1" 304 0
[07/Nov/2017 15:55:35] INFO [django.server:124] "GET /static/img/background.png HTTP/1.1" 304 0
[07/Nov/2017 15:55:37] INFO [django.server:124] "GET /login/ HTTP/1.1" 200 2111
[07/Nov/2017 15:55:39] INFO [django.server:124] "GET / HTTP/1.1" 200 1677
[07/Nov/2017 15:55:40] INFO [django.server:124] "GET /login HTTP/1.1" 301 0
[07/Nov/2017 15:55:40] INFO [django.server:124] "GET /login/ HTTP/1.1" 200 2111
[07/Nov/2017 15:55:41] INFO [django.server:124] "POST /login/ HTTP/1.1" 302 0
[07/Nov/2017 15:55:41] INFO [django.server:124] "GET / HTTP/1.1" 200 1981
[07/Nov/2017 15:55:43] INFO [django.server:124] "GET /logout HTTP/1.1" 301 0
[07/Nov/2017 15:55:43] INFO [django.server:124] "GET /logout/ HTTP/1.1" 302 0
[07/Nov/2017 15:55:43] INFO [django.server:124] "GET / HTTP/1.1" 200 1677
[07/Nov/2017 15:55:44] INFO [django.server:124] "GET /login HTTP/1.1" 301 0
[07/Nov/2017 15:55:44] INFO [django.server:124] "GET /login/ HTTP/1.1" 200 2111
[07/Nov/2017 15:55:45] INFO [django.server:124] "POST /login/ HTTP/1.1" 302 0
[07/Nov/2017 15:55:45] INFO [django.server:124] "GET / HTTP/1.1" 200 1981
[07/Nov/2017 15:55:47] INFO [django.server:124] "GET / HTTP/1.1" 200 1981
[07/Nov/2017 15:55:48] INFO [django.server:124] "GET /logout HTTP/1.1" 301 0
[07/Nov/2017 15:55:49] INFO [django.server:124] "GET /logout/ HTTP/1.1" 302 0
[07/Nov/2017 15:55:49] INFO [django.server:124] "GET / HTTP/1.1" 200 1677
[07/Nov/2017 15:55:51] INFO [django.server:124] "GET /login HTTP/1.1" 301 0
[07/Nov/2017 15:55:51] INFO [django.server:124] "GET /login/ HTTP/1.1" 200 2111
[07/Nov/2017 15:57:04] INFO [django.server:124] "GET /login/ HTTP/1.1" 200 2111
[07/Nov/2017 15:57:04] INFO [django.server:124] "GET /static/style.css HTTP/1.1" 304 0
[07/Nov/2017 15:57:06] INFO [django.server:124] "POST /login/ HTTP/1.1" 302 0
[07/Nov/2017 15:57:06] INFO [django.server:124] "GET / HTTP/1.1" 200 1981
[07/Nov/2017 15:57:07] INFO [django.server:124] "GET /login/ HTTP/1.1" 200 2112
[07/Nov/2017 15:58:26] INFO [django.server:124] "GET /login/ HTTP/1.1" 200 2136
[07/Nov/2017 15:58:26] INFO [django.server:124] "GET /static/style.css HTTP/1.1" 304 0
[07/Nov/2017 15:58:26] INFO [django.server:124] "GET /static/img/background.png HTTP/1.1" 304 0
[07/Nov/2017 15:58:43] INFO [django.server:124] "GET /login/ HTTP/1.1" 200 2133
[07/Nov/2017 15:59:32] INFO [django.server:124] "GET /login/ HTTP/1.1" 200 2133
[07/Nov/2017 15:59:32] INFO [django.server:124] "GET /static/style.css HTTP/1.1" 200 368
[07/Nov/2017 15:59:34] INFO [django.server:124] "GET / HTTP/1.1" 200 1981
[07/Nov/2017 15:59:34] INFO [django.server:124] "GET /static/style.css HTTP/1.1" 304 0
[07/Nov/2017 15:59:35] INFO [django.server:124] "GET /logout HTTP/1.1" 301 0
[07/Nov/2017 15:59:35] INFO [django.server:124] "GET /logout/ HTTP/1.1" 302 0
[07/Nov/2017 15:59:35] INFO [django.server:124] "GET / HTTP/1.1" 200 1677
[07/Nov/2017 15:59:35] INFO [django.server:124] "GET /static/style.css HTTP/1.1" 304 0
[07/Nov/2017 15:59:36] INFO [django.server:124] "GET /login HTTP/1.1" 301 0
[07/Nov/2017 15:59:36] INFO [django.server:124] "GET /login/ HTTP/1.1" 200 2132
[07/Nov/2017 15:59:36] INFO [django.server:124] "GET /static/style.css HTTP/1.1" 304 0
[07/Nov/2017 15:59:54] INFO [django.server:124] "GET /login/ HTTP/1.1" 200 2132
[07/Nov/2017 15:59:54] INFO [django.server:124] "GET /static/style.css HTTP/1.1" 200 365
[07/Nov/2017 16:00:05] INFO [django.server:124] "POST /login/ HTTP/1.1" 302 0
[07/Nov/2017 16:00:05] INFO [django.server:124] "GET / HTTP/1.1" 200 1981
[07/Nov/2017 16:00:05] INFO [django.server:124] "GET /static/style.css HTTP/1.1" 304 0
[07/Nov/2017 16:00:07] INFO [django.server:124] "GET /order/1 HTTP/1.1" 200 2116
[07/Nov/2017 16:00:07] INFO [django.server:124] "GET /static/style.css HTTP/1.1" 304 0
[07/Nov/2017 16:00:13] INFO [django.server:124] "GET / HTTP/1.1" 200 1981
[07/Nov/2017 16:00:13] INFO [django.server:124] "GET /static/style.css HTTP/1.1" 304 0
[07/Nov/2017 16:00:14] INFO [django.server:124] "GET /order/1 HTTP/1.1" 200 2116
[07/Nov/2017 16:00:15] INFO [django.server:124] "GET / HTTP/1.1" 200 1981
[07/Nov/2017 16:00:15] INFO [django.server:124] "GET /static/style.css HTTP/1.1" 304 0
[07/Nov/2017 16:00:16] INFO [django.server:124] "GET /logout HTTP/1.1" 301 0
[07/Nov/2017 16:00:16] INFO [django.server:124] "GET /logout/ HTTP/1.1" 302 0
[07/Nov/2017 16:00:16] INFO [django.server:124] "GET / HTTP/1.1" 200 1677
[07/Nov/2017 16:00:17] INFO [django.server:124] "GET /login HTTP/1.1" 301 0
[07/Nov/2017 16:00:17] INFO [django.server:124] "GET /login/ HTTP/1.1" 200 2132
[07/Nov/2017 16:00:19] INFO [django.server:124] "POST /login/ HTTP/1.1" 302 0
[07/Nov/2017 16:00:19] INFO [django.server:124] "GET / HTTP/1.1" 200 1981
[07/Nov/2017 16:00:19] INFO [django.server:124] "GET /static/style.css HTTP/1.1" 304 0
[07/Nov/2017 16:00:20] INFO [django.server:124] "GET /logout HTTP/1.1" 301 0
[07/Nov/2017 16:00:20] INFO [django.server:124] "GET /logout/ HTTP/1.1" 302 0
[07/Nov/2017 16:00:20] INFO [django.server:124] "GET / HTTP/1.1" 200 1677
[07/Nov/2017 16:00:22] INFO [django.server:124] "GET /login HTTP/1.1" 301 0
[07/Nov/2017 16:00:22] INFO [django.server:124] "GET /login/ HTTP/1.1" 200 2132
[07/Nov/2017 16:00:22] INFO [django.server:124] "GET /static/style.css HTTP/1.1" 304 0
[07/Nov/2017 16:00:24] INFO [django.server:124] "POST /i18n/setlang/ HTTP/1.1" 302 0
[07/Nov/2017 16:00:24] INFO [django.server:124] "GET /login/ HTTP/1.1" 200 2174
[07/Nov/2017 16:00:28] INFO [django.server:124] "POST /i18n/setlang/ HTTP/1.1" 302 0
[07/Nov/2017 16:00:28] INFO [django.server:124] "GET /login/ HTTP/1.1" 200 2132
[07/Nov/2017 16:00:28] INFO [django.server:124] "GET /static/style.css HTTP/1.1" 304 0
[07/Nov/2017 16:00:30] INFO [django.server:124] "POST /login/ HTTP/1.1" 302 0
[07/Nov/2017 16:00:30] INFO [django.server:124] "GET / HTTP/1.1" 200 1981
[07/Nov/2017 16:00:31] INFO [django.server:124] "GET /logout HTTP/1.1" 301 0
[07/Nov/2017 16:00:31] INFO [django.server:124] "GET /logout/ HTTP/1.1" 302 0
[07/Nov/2017 16:00:31] INFO [django.server:124] "GET / HTTP/1.1" 200 1677
[07/Nov/2017 16:00:34] INFO [django.server:124] "GET /login HTTP/1.1" 301 0
[07/Nov/2017 16:00:34] INFO [django.server:124] "GET /login/ HTTP/1.1" 200 2132
[07/Nov/2017 16:00:34] INFO [django.server:124] "GET /static/style.css HTTP/1.1" 304 0
[07/Nov/2017 16:02:13] INFO [django.server:124] "GET /login/ HTTP/1.1" 200 2132
[07/Nov/2017 16:02:13] INFO [django.server:124] "GET /static/style.css HTTP/1.1" 304 0
[07/Nov/2017 16:02:14] INFO [django.server:124] "GET /static/img/background.png HTTP/1.1" 304 0
[07/Nov/2017 16:02:15] INFO [django.server:124] "GET / HTTP/1.1" 200 1677
[07/Nov/2017 16:02:17] INFO [django.server:124] "GET /login HTTP/1.1" 301 0
[07/Nov/2017 16:02:17] INFO [django.server:124] "GET /login/ HTTP/1.1" 200 2132
[07/Nov/2017 16:02:19] INFO [django.server:124] "POST /login/ HTTP/1.1" 302 0
[07/Nov/2017 16:02:19] INFO [django.server:124] "GET / HTTP/1.1" 200 1981
[07/Nov/2017 16:02:20] INFO [django.server:124] "GET /logout HTTP/1.1" 301 0
[07/Nov/2017 16:02:20] INFO [django.server:124] "GET /logout/ HTTP/1.1" 302 0
[07/Nov/2017 16:02:20] INFO [django.server:124] "GET /login HTTP/1.1" 301 0
[07/Nov/2017 16:02:20] INFO [django.server:124] "GET /login/ HTTP/1.1" 200 2132
[07/Nov/2017 16:02:24] INFO [django.server:124] "GET / HTTP/1.1" 200 1677
[07/Nov/2017 16:02:25] INFO [django.server:124] "GET /login HTTP/1.1" 301 0
[07/Nov/2017 16:02:25] INFO [django.server:124] "GET /login/ HTTP/1.1" 200 2132
[07/Nov/2017 16:02:27] INFO [django.server:124] "POST /login/ HTTP/1.1" 302 0
[07/Nov/2017 16:02:27] INFO [django.server:124] "GET / HTTP/1.1" 200 1981
[07/Nov/2017 16:02:28] INFO [django.server:124] "GET /logout HTTP/1.1" 301 0
[07/Nov/2017 16:02:28] INFO [django.server:124] "GET /logout/ HTTP/1.1" 302 0
[07/Nov/2017 16:02:28] INFO [django.server:124] "GET /login HTTP/1.1" 301 0
[07/Nov/2017 16:02:28] INFO [django.server:124] "GET /login/ HTTP/1.1" 200 2132
[07/Nov/2017 16:02:28] INFO [django.server:124] "GET /static/style.css HTTP/1.1" 304 0
[07/Nov/2017 16:02:31] INFO [django.server:124] "GET / HTTP/1.1" 200 1677
[07/Nov/2017 16:02:39] INFO [django.server:124] "GET /login HTTP/1.1" 301 0
[07/Nov/2017 16:02:39] INFO [django.server:124] "GET /login/ HTTP/1.1" 200 2132
[07/Nov/2017 16:02:40] INFO [django.server:124] "POST /login/ HTTP/1.1" 302 0
[07/Nov/2017 16:02:40] INFO [django.server:124] "GET / HTTP/1.1" 200 1981
[07/Nov/2017 16:02:41] INFO [django.server:124] "GET /logout HTTP/1.1" 301 0
[07/Nov/2017 16:02:41] INFO [django.server:124] "GET /logout/ HTTP/1.1" 302 0
[07/Nov/2017 16:02:41] INFO [django.server:124] "GET /login HTTP/1.1" 301 0
[07/Nov/2017 16:02:41] INFO [django.server:124] "GET /login/ HTTP/1.1" 200 2132
[07/Nov/2017 16:02:46] INFO [django.server:124] "POST /i18n/setlang/ HTTP/1.1" 302 0
[07/Nov/2017 16:02:46] INFO [django.server:124] "GET /login/ HTTP/1.1" 200 2174
[07/Nov/2017 16:02:46] INFO [django.server:124] "GET /static/style.css HTTP/1.1" 304 0
[07/Nov/2017 16:02:50] INFO [django.server:124] "GET /login HTTP/1.1" 301 0
[07/Nov/2017 16:02:50] INFO [django.server:124] "GET /login/ HTTP/1.1" 200 2174
[07/Nov/2017 16:02:51] INFO [django.server:124] "POST /login/ HTTP/1.1" 302 0
[07/Nov/2017 16:02:51] INFO [django.server:124] "GET / HTTP/1.1" 200 2003
[07/Nov/2017 16:02:55] INFO [django.server:124] "POST /i18n/setlang/ HTTP/1.1" 302 0
[07/Nov/2017 16:02:55] INFO [django.server:124] "GET / HTTP/1.1" 200 1981
[07/Nov/2017 16:02:56] INFO [django.server:124] "POST /i18n/setlang/ HTTP/1.1" 302 0
[07/Nov/2017 16:02:56] INFO [django.server:124] "GET / HTTP/1.1" 200 2003
[07/Nov/2017 16:03:19] INFO [django.server:124] "GET / HTTP/1.1" 200 2003
[07/Nov/2017 16:03:19] INFO [django.server:124] "GET /static/style.css HTTP/1.1" 304 0
[07/Nov/2017 16:03:20] INFO [django.server:124] "GET /logout HTTP/1.1" 301 0
[07/Nov/2017 16:03:20] INFO [django.server:124] "GET /logout/ HTTP/1.1" 302 0
[07/Nov/2017 16:03:20] INFO [django.server:124] "GET /login HTTP/1.1" 301 0
[07/Nov/2017 16:03:20] INFO [django.server:124] "GET /login/ HTTP/1.1" 200 2174
[07/Nov/2017 16:03:22] INFO [django.server:124] "POST /login/ HTTP/1.1" 302 0
[07/Nov/2017 16:03:22] INFO [django.server:124] "GET / HTTP/1.1" 200 2003
[07/Nov/2017 16:03:31] INFO [django.server:124] "GET / HTTP/1.1" 200 2003
[07/Nov/2017 16:03:32] INFO [django.server:124] "GET /logout HTTP/1.1" 301 0
[07/Nov/2017 16:03:32] INFO [django.server:124] "GET /logout/ HTTP/1.1" 302 0
[07/Nov/2017 16:03:32] INFO [django.server:124] "GET /login HTTP/1.1" 301 0
[07/Nov/2017 16:03:32] INFO [django.server:124] "GET /login/ HTTP/1.1" 200 2174
[07/Nov/2017 16:03:34] INFO [django.server:124] "POST /login/ HTTP/1.1" 302 0
[07/Nov/2017 16:03:34] INFO [django.server:124] "GET / HTTP/1.1" 200 2003
[07/Nov/2017 16:03:35] INFO [django.server:124] "GET /order/1 HTTP/1.1" 200 2162
[11/Nov/2017 21:40:08] INFO [django.server:124] "GET / HTTP/1.1" 200 2003
[11/Nov/2017 21:40:08] INFO [django.server:124] "GET /static/style.css HTTP/1.1" 304 0
[11/Nov/2017 21:40:08] INFO [django.server:124] "GET /static/main.js HTTP/1.1" 304 0
[11/Nov/2017 21:40:08] INFO [django.server:124] "GET /static/img/background.png HTTP/1.1" 304 0
[11/Nov/2017 21:40:09] WARNING [django.request:152] Not Found: /favicon.ico
[11/Nov/2017 21:40:09] WARNING [django.server:124] "GET /favicon.ico HTTP/1.1" 404 3737
[11/Nov/2017 21:40:18] INFO [django.server:124] "GET /order/1 HTTP/1.1" 200 2162
[11/Nov/2017 21:40:34] WARNING [django.server:124] "PUT /api/order/1 HTTP/1.1" 403 46
[11/Nov/2017 21:40:46] WARNING [django.server:124] "PUT /api/order/1 HTTP/1.1" 403 46
[11/Nov/2017 21:40:50] WARNING [django.server:124] "PUT /api/order/1 HTTP/1.1" 403 46
[11/Nov/2017 21:41:33] INFO [django.server:124] "GET /logout HTTP/1.1" 301 0
[11/Nov/2017 21:41:33] INFO [django.server:124] "GET /logout/ HTTP/1.1" 302 0
[11/Nov/2017 21:41:33] INFO [django.server:124] "GET /login HTTP/1.1" 301 0
[11/Nov/2017 21:41:33] INFO [django.server:124] "GET /login/ HTTP/1.1" 200 2174
[11/Nov/2017 21:41:34] INFO [django.server:124] "GET /login/ HTTP/1.1" 200 2174
[11/Nov/2017 21:41:35] INFO [django.server:124] "POST /login/ HTTP/1.1" 302 0
[11/Nov/2017 21:41:35] INFO [django.server:124] "GET / HTTP/1.1" 200 2003
[11/Nov/2017 21:41:37] INFO [django.server:124] "GET /order/1 HTTP/1.1" 200 2162
[11/Nov/2017 21:41:41] WARNING [django.server:124] "PUT /api/order/1 HTTP/1.1" 403 46
[11/Nov/2017 21:45:25] INFO [django.server:124] "GET / HTTP/1.1" 200 2003
[11/Nov/2017 21:45:27] INFO [django.server:124] "GET /order/1 HTTP/1.1" 200 2298
[11/Nov/2017 21:45:30] WARNING [django.server:124] "PUT /api/order/1 HTTP/1.1" 403 46
[11/Nov/2017 21:47:14] INFO [django.server:124] "GET / HTTP/1.1" 200 2003
[11/Nov/2017 21:47:15] INFO [django.server:124] "GET /order/1 HTTP/1.1" 200 2302
[11/Nov/2017 21:47:16] WARNING [django.server:124] "PUT /api/order/1 HTTP/1.1" 403 46
[11/Nov/2017 21:51:20] INFO [django.server:124] "GET / HTTP/1.1" 200 2003
[11/Nov/2017 21:51:23] INFO [django.server:124] "GET /order/1 HTTP/1.1" 200 2302
[11/Nov/2017 21:51:25] WARNING [django.server:124] "PUT /api/order/1 HTTP/1.1" 403 46
[11/Nov/2017 21:52:50] INFO [django.server:124] "GET /order/1 HTTP/1.1" 200 2302
[11/Nov/2017 21:52:53] WARNING [django.server:124] "PUT /api/order/1 HTTP/1.1" 403 46
[11/Nov/2017 21:54:11] INFO [django.server:124] "GET /order/1 HTTP/1.1" 200 2302
[11/Nov/2017 21:54:12] WARNING [django.server:124] "PUT /api/order/1 HTTP/1.1" 403 46
[11/Nov/2017 21:56:58] INFO [django.server:124] "GET /order/1 HTTP/1.1" 200 2302
[11/Nov/2017 21:56:58] INFO [django.server:124] "GET /static/style.css HTTP/1.1" 200 365
[11/Nov/2017 21:56:58] INFO [django.server:124] "GET /static/main.js HTTP/1.1" 200 2467
[11/Nov/2017 21:56:59] INFO [django.server:124] "GET /static/img/background.png HTTP/1.1" 200 1870578
[11/Nov/2017 21:57:02] WARNING [django.server:124] "PUT /api/order/1 HTTP/1.1" 403 46
[11/Nov/2017 22:05:35] INFO [django.server:124] "GET /order/1 HTTP/1.1" 200 2302
[11/Nov/2017 22:05:35] INFO [django.server:124] "GET /static/style.css HTTP/1.1" 200 365
[11/Nov/2017 22:05:35] INFO [django.server:124] "GET /static/main.js HTTP/1.1" 200 2415
[11/Nov/2017 22:05:36] INFO [django.server:124] "GET /static/img/background.png HTTP/1.1" 200 1870578
[11/Nov/2017 22:05:38] WARNING [django.server:124] "PUT /api/order/1 HTTP/1.1" 403 46
[11/Nov/2017 22:07:35] INFO [django.server:124] "GET /order/1 HTTP/1.1" 200 2302
[11/Nov/2017 22:07:35] INFO [django.server:124] "GET /static/main.js HTTP/1.1" 200 2401
[11/Nov/2017 22:07:37] WARNING [django.server:124] "PUT /api/order/1 HTTP/1.1" 403 46
[11/Nov/2017 22:07:57] INFO [django.server:124] "GET /order/1 HTTP/1.1" 200 2302
[11/Nov/2017 22:07:57] INFO [django.server:124] "GET /static/style.css HTTP/1.1" 200 365
[11/Nov/2017 22:07:57] INFO [django.server:124] "GET /static/main.js HTTP/1.1" 200 2401
[11/Nov/2017 22:07:58] INFO [django.server:124] "GET /static/img/background.png HTTP/1.1" 200 1870578
[11/Nov/2017 22:07:59] WARNING [django.server:124] "PUT /api/order/1 HTTP/1.1" 403 46
[11/Nov/2017 22:08:27] INFO [django.server:124] "GET /order/1 HTTP/1.1" 200 2302
[11/Nov/2017 22:08:27] INFO [django.server:124] "GET /static/style.css HTTP/1.1" 200 365
[11/Nov/2017 22:08:27] INFO [django.server:124] "GET /static/main.js HTTP/1.1" 200 2412
[11/Nov/2017 22:08:27] INFO [django.server:124] "GET /static/img/background.png HTTP/1.1" 200 1870578
[11/Nov/2017 22:08:28] WARNING [django.server:124] "PUT /api/order/1 HTTP/1.1" 403 46
[11/Nov/2017 22:08:44] INFO [django.server:124] "GET / HTTP/1.1" 200 2003
[11/Nov/2017 22:08:44] INFO [django.server:124] "GET /static/main.js HTTP/1.1" 304 0
[11/Nov/2017 22:08:56] INFO [django.server:124] "GET / HTTP/1.1" 200 2003
[11/Nov/2017 22:08:56] INFO [django.server:124] "GET /static/style.css HTTP/1.1" 200 365
[11/Nov/2017 22:08:56] INFO [django.server:124] "GET /static/main.js HTTP/1.1" 200 2412
[11/Nov/2017 22:08:57] INFO [django.server:124] "GET /static/img/background.png HTTP/1.1" 200 1870578
[11/Nov/2017 22:08:59] INFO [django.server:124] "GET /order/1 HTTP/1.1" 200 2302
[11/Nov/2017 22:09:00] WARNING [django.server:124] "PUT /api/order/1 HTTP/1.1" 403 46
[11/Nov/2017 22:09:37] INFO [django.server:124] "GET / HTTP/1.1" 200 2003
[11/Nov/2017 22:09:37] INFO [django.server:124] "GET /static/style.css HTTP/1.1" 200 365
[11/Nov/2017 22:09:37] INFO [django.server:124] "GET /static/main.js HTTP/1.1" 200 2413
[11/Nov/2017 22:09:37] INFO [django.server:124] "GET /static/img/background.png HTTP/1.1" 200 1870578
[11/Nov/2017 22:09:39] INFO [django.server:124] "GET /order/1 HTTP/1.1" 200 2302
[11/Nov/2017 22:09:39] INFO [django.server:124] "GET /static/main.js HTTP/1.1" 304 0
[11/Nov/2017 22:09:40] WARNING [django.server:124] "PUT /api/order/1 HTTP/1.1" 403 46
[11/Nov/2017 22:10:08] INFO [django.server:124] "GET /order/1 HTTP/1.1" 200 2302
[11/Nov/2017 22:10:08] INFO [django.server:124] "GET /static/main.js HTTP/1.1" 304 0
[11/Nov/2017 22:10:11] INFO [django.server:124] "GET / HTTP/1.1" 200 2003
[11/Nov/2017 22:10:13] INFO [django.server:124] "GET /order/1 HTTP/1.1" 200 2302
[11/Nov/2017 22:10:13] INFO [django.server:124] "GET /static/main.js HTTP/1.1" 304 0
[11/Nov/2017 22:10:16] WARNING [django.server:124] "PUT /api/order/1 HTTP/1.1" 403 46
[11/Nov/2017 22:11:06] INFO [django.server:124] "GET /order/1 HTTP/1.1" 200 2302
[11/Nov/2017 22:11:06] INFO [django.server:124] "GET /static/style.css HTTP/1.1" 200 365
[11/Nov/2017 22:11:06] INFO [django.server:124] "GET /static/main.js HTTP/1.1" 200 2416
[11/Nov/2017 22:11:08] INFO [django.server:124] "GET /static/img/background.png HTTP/1.1" 200 1870578
[11/Nov/2017 22:11:09] WARNING [django.server:124] "PUT /api/order/1 HTTP/1.1" 403 46
[11/Nov/2017 22:12:43] ERROR [django.request:135] Internal Server Error: /order/1
Traceback (most recent call last):
  File "/Users/dimapetrov/Projects/univ/4.1/ProgrammingTechnology/Python/envlab1/lib/python3.6/site-packages/django/core/handlers/exception.py", line 41, in inner
    response = get_response(request)
  File "/Users/dimapetrov/Projects/univ/4.1/ProgrammingTechnology/Python/envlab1/lib/python3.6/site-packages/django/core/handlers/base.py", line 187, in _get_response
    response = self.process_exception_by_middleware(e, request)
  File "/Users/dimapetrov/Projects/univ/4.1/ProgrammingTechnology/Python/envlab1/lib/python3.6/site-packages/django/core/handlers/base.py", line 185, in _get_response
    response = wrapped_callback(request, *callback_args, **callback_kwargs)
TypeError: __init__() takes 1 positional argument but 2 were given
[11/Nov/2017 22:12:43] ERROR [django.server:124] "GET /order/1 HTTP/1.1" 500 58228
[11/Nov/2017 22:13:11] INFO [django.server:124] "GET /order/1 HTTP/1.1" 200 2302
[11/Nov/2017 22:13:11] INFO [django.server:124] "GET /static/style.css HTTP/1.1" 200 365
[11/Nov/2017 22:13:11] INFO [django.server:124] "GET /static/main.js HTTP/1.1" 200 2401
[11/Nov/2017 22:13:12] INFO [django.server:124] "GET /static/img/background.png HTTP/1.1" 200 1870578
[11/Nov/2017 22:15:45] INFO [django.server:124] "GET / HTTP/1.1" 200 2003
[11/Nov/2017 22:15:45] INFO [django.server:124] "GET /static/main.js HTTP/1.1" 304 0
[11/Nov/2017 22:15:51] INFO [django.server:124] "GET /order/1 HTTP/1.1" 200 2302
[11/Nov/2017 22:15:54] WARNING [django.server:124] "PUT /api/order/1 HTTP/1.1" 403 46
[11/Nov/2017 22:22:20] INFO [django.server:124] "GET / HTTP/1.1" 200 2003
[11/Nov/2017 22:22:21] INFO [django.server:124] "GET /static/main.js HTTP/1.1" 304 0
[11/Nov/2017 22:22:22] INFO [django.server:124] "GET /order/1 HTTP/1.1" 200 2302
[11/Nov/2017 22:22:26] WARNING [django.server:124] "PUT /api/order/1 HTTP/1.1" 403 46
[11/Nov/2017 22:22:54] INFO [django.server:124] "GET /order/1 HTTP/1.1" 200 2302
[11/Nov/2017 22:22:54] INFO [django.server:124] "GET /static/style.css HTTP/1.1" 200 365
[11/Nov/2017 22:22:54] INFO [django.server:124] "GET /static/main.js HTTP/1.1" 200 2401
[11/Nov/2017 22:22:54] INFO [django.server:124] "GET /static/img/background.png HTTP/1.1" 200 1870578
[11/Nov/2017 22:22:57] WARNING [django.server:124] "PUT /api/order/1 HTTP/1.1" 403 46
[11/Nov/2017 22:30:05] INFO [django.server:124] "GET / HTTP/1.1" 200 2003
[11/Nov/2017 22:30:05] INFO [django.server:124] "GET /static/main.js HTTP/1.1" 304 0
[11/Nov/2017 22:30:07] INFO [django.server:124] "GET /order/1 HTTP/1.1" 200 2302
[11/Nov/2017 22:30:08] WARNING [django.server:124] "PUT /api/order/1 HTTP/1.1" 403 46
[11/Nov/2017 22:32:40] INFO [django.server:124] "GET / HTTP/1.1" 200 2003
[11/Nov/2017 22:32:40] INFO [django.server:124] "GET /static/main.js HTTP/1.1" 304 0
[11/Nov/2017 22:32:42] INFO [django.server:124] "GET /order/1 HTTP/1.1" 200 2302
[11/Nov/2017 22:32:43] WARNING [django.server:124] "PUT /api/order/1 HTTP/1.1" 403 46
[11/Nov/2017 22:38:06] INFO [django.server:124] "GET /order/1 HTTP/1.1" 200 2302
[11/Nov/2017 22:38:06] INFO [django.server:124] "GET /static/style.css HTTP/1.1" 200 365
[11/Nov/2017 22:38:06] INFO [django.server:124] "GET /static/main.js HTTP/1.1" 200 2491
[11/Nov/2017 22:38:07] INFO [django.server:124] "GET /static/img/background.png HTTP/1.1" 200 1870578
[11/Nov/2017 22:38:08] WARNING [django.server:124] "PUT /api/order/1 HTTP/1.1" 403 46
[11/Nov/2017 22:39:30] INFO [django.server:124] "GET / HTTP/1.1" 200 2003
[11/Nov/2017 22:39:31] INFO [django.server:124] "GET /static/main.js HTTP/1.1" 304 0
[11/Nov/2017 22:39:33] INFO [django.server:124] "GET /order/1 HTTP/1.1" 200 2302
[11/Nov/2017 22:39:34] WARNING [django.server:124] "PUT /api/order/1 HTTP/1.1" 403 46
[11/Nov/2017 22:39:39] WARNING [django.server:124] "PUT /api/order/1 HTTP/1.1" 403 46
[11/Nov/2017 22:39:46] INFO [django.server:124] "GET /order/1 HTTP/1.1" 200 2302
[11/Nov/2017 22:39:46] INFO [django.server:124] "GET /static/main.js HTTP/1.1" 304 0
[11/Nov/2017 22:39:50] WARNING [django.server:124] "PUT /api/order/1 HTTP/1.1" 403 46
[11/Nov/2017 22:40:29] INFO [django.server:124] "GET /api/order/1 HTTP/1.1" 200 8069
[11/Nov/2017 22:40:29] INFO [django.server:124] "GET /static/rest_framework/css/bootstrap-tweaks.css HTTP/1.1" 200 3385
[11/Nov/2017 22:40:29] INFO [django.server:124] "GET /static/rest_framework/css/prettify.css HTTP/1.1" 200 817
[11/Nov/2017 22:40:29] INFO [django.server:124] "GET /static/rest_framework/css/default.css HTTP/1.1" 200 1132
[11/Nov/2017 22:40:29] INFO [django.server:124] "GET /static/rest_framework/css/bootstrap.min.css HTTP/1.1" 200 121200
[11/Nov/2017 22:40:29] INFO [django.server:124] "GET /static/rest_framework/js/jquery-1.12.4.min.js HTTP/1.1" 200 97163
[11/Nov/2017 22:40:29] INFO [django.server:124] "GET /static/rest_framework/js/ajax-form.js HTTP/1.1" 200 3597
[11/Nov/2017 22:40:29] INFO [django.server:124] "GET /static/rest_framework/js/csrf.js HTTP/1.1" 200 1735
[11/Nov/2017 22:40:29] INFO [django.server:124] "GET /static/rest_framework/js/prettify-min.js HTTP/1.1" 200 13632
[11/Nov/2017 22:40:29] INFO [django.server:124] "GET /static/rest_framework/js/bootstrap.min.js HTTP/1.1" 200 37045
[11/Nov/2017 22:40:29] INFO [django.server:124] "GET /static/rest_framework/js/default.js HTTP/1.1" 200 1262
[11/Nov/2017 22:40:29] INFO [django.server:124] "GET /static/rest_framework/img/grid.png HTTP/1.1" 200 1458
[11/Nov/2017 22:41:04] WARNING [django.server:124] "PUT /api/order/1 HTTP/1.1" 403 4862
[11/Nov/2017 22:41:26] INFO [django.server:124] "GET /api/order/1 HTTP/1.1" 200 8069
[11/Nov/2017 22:41:54] INFO [django.server:124] "OPTIONS /api/order/1 HTTP/1.1" 200 8296
[11/Nov/2017 22:42:08] INFO [django.server:124] "OPTIONS /api/order/1 HTTP/1.1" 200 8296
[11/Nov/2017 22:42:09] INFO [django.server:124] "OPTIONS /api/order/1 HTTP/1.1" 200 8296
[11/Nov/2017 22:42:10] INFO [django.server:124] "OPTIONS /api/order/1 HTTP/1.1" 200 8296
[11/Nov/2017 22:42:20] WARNING [django.server:124] "PUT /api/order/1 HTTP/1.1" 403 4862
[11/Nov/2017 22:44:31] INFO [django.server:124] "GET / HTTP/1.1" 200 2003
[11/Nov/2017 22:44:31] INFO [django.server:124] "GET /static/style.css HTTP/1.1" 200 365
[11/Nov/2017 22:44:31] INFO [django.server:124] "GET /static/main.js HTTP/1.1" 200 3402
[11/Nov/2017 22:44:32] INFO [django.server:124] "GET /static/img/background.png HTTP/1.1" 200 1870578
[11/Nov/2017 22:44:34] INFO [django.server:124] "GET /order/1 HTTP/1.1" 200 2302
[11/Nov/2017 22:44:34] INFO [django.server:124] "GET /static/main.js HTTP/1.1" 304 0
[11/Nov/2017 22:44:35] WARNING [django.server:124] "PUT /api/order/1 HTTP/1.1" 403 46
[11/Nov/2017 22:44:46] INFO [django.server:124] "GET /order/1 HTTP/1.1" 200 2302
[11/Nov/2017 22:44:46] INFO [django.server:124] "GET /static/main.js HTTP/1.1" 304 0
[11/Nov/2017 22:44:49] WARNING [django.server:124] "PUT /api/order/1 HTTP/1.1" 403 46
[11/Nov/2017 22:45:01] INFO [django.server:124] "GET /api/order/1 HTTP/1.1" 200 8069
[11/Nov/2017 22:45:35] INFO [django.server:124] "GET /api/order/1 HTTP/1.1" 200 8069
[11/Nov/2017 22:45:41] WARNING [django.server:124] "PUT /api/order/1 HTTP/1.1" 403 4862
[11/Nov/2017 22:46:34] INFO [django.server:124] "GET / HTTP/1.1" 200 2003
[11/Nov/2017 22:46:34] INFO [django.server:124] "GET /static/main.js HTTP/1.1" 200 2408
[11/Nov/2017 22:46:35] INFO [django.server:124] "GET /order/1 HTTP/1.1" 200 2302
[11/Nov/2017 22:46:35] INFO [django.server:124] "GET /static/main.js HTTP/1.1" 304 0
[11/Nov/2017 22:46:37] WARNING [django.server:124] "PUT /api/order/1 HTTP/1.1" 403 46
[11/Nov/2017 22:47:12] INFO [django.server:124] "GET / HTTP/1.1" 200 2003
[11/Nov/2017 22:47:12] INFO [django.server:124] "GET /static/main.js HTTP/1.1" 200 2401
[11/Nov/2017 22:50:19] INFO [django.server:124] "GET / HTTP/1.1" 200 2003
[11/Nov/2017 22:50:20] INFO [django.server:124] "GET /static/main.js HTTP/1.1" 304 0
[11/Nov/2017 22:50:26] INFO [django.server:124] "GET /order/1 HTTP/1.1" 200 2302
[11/Nov/2017 22:50:26] INFO [django.server:124] "GET /static/style.css HTTP/1.1" 200 365
[11/Nov/2017 22:50:26] INFO [django.server:124] "GET /static/main.js HTTP/1.1" 200 2401
[11/Nov/2017 22:50:28] INFO [django.server:124] "GET /static/img/background.png HTTP/1.1" 200 1870578
[11/Nov/2017 22:50:30] WARNING [django.server:124] "PUT /api/order/1 HTTP/1.1" 403 46
[11/Nov/2017 22:50:36] INFO [django.server:124] "GET /order/1 HTTP/1.1" 200 2302
[11/Nov/2017 22:50:37] WARNING [django.server:124] "PUT /api/order/1 HTTP/1.1" 403 46
[11/Nov/2017 22:53:30] INFO [django.server:124] "GET / HTTP/1.1" 200 2003
[11/Nov/2017 22:53:30] INFO [django.server:124] "GET /static/main.js HTTP/1.1" 200 2453
[11/Nov/2017 22:53:30] INFO [django.server:124] "GET /static/style.css HTTP/1.1" 200 365
[11/Nov/2017 22:53:30] INFO [django.server:124] "GET /static/img/background.png HTTP/1.1" 200 1870578
[11/Nov/2017 22:53:31] INFO [django.server:124] "GET /order/1 HTTP/1.1" 200 2302
[11/Nov/2017 22:53:31] INFO [django.server:124] "GET /static/main.js HTTP/1.1" 304 0
[11/Nov/2017 22:53:33] WARNING [django.server:124] "PUT /api/order/1 HTTP/1.1" 403 46
[11/Nov/2017 22:58:58] INFO [django.server:124] "GET / HTTP/1.1" 200 2003
[11/Nov/2017 22:58:58] INFO [django.server:124] "GET /static/main.js HTTP/1.1" 304 0
[11/Nov/2017 22:58:59] INFO [django.server:124] "GET /order/1 HTTP/1.1" 200 2302
[11/Nov/2017 22:59:00] WARNING [django.server:124] "PUT /api/order/1 HTTP/1.1" 403 46
[11/Nov/2017 22:59:04] INFO [django.server:124] "GET /order/1 HTTP/1.1" 200 2302
[11/Nov/2017 22:59:05] WARNING [django.server:124] "PUT /api/order/1 HTTP/1.1" 403 46
[12/Nov/2017 18:37:55] INFO [django.server:124] "GET /order/1 HTTP/1.1" 200 2302
[12/Nov/2017 18:37:55] INFO [django.server:124] "GET /static/style.css HTTP/1.1" 304 0
[12/Nov/2017 18:37:55] INFO [django.server:124] "GET /static/main.js HTTP/1.1" 304 0
[12/Nov/2017 18:37:55] INFO [django.server:124] "GET /static/img/background.png HTTP/1.1" 304 0
[12/Nov/2017 18:37:56] WARNING [django.request:152] Not Found: /favicon.ico
[12/Nov/2017 18:37:56] WARNING [django.server:124] "GET /favicon.ico HTTP/1.1" 404 3737
[12/Nov/2017 18:37:58] INFO [django.server:124] "GET /order/1 HTTP/1.1" 200 2302
[12/Nov/2017 18:39:11] WARNING [django.server:124] "PUT /api/order/1 HTTP/1.1" 403 46
[12/Nov/2017 19:31:00] INFO [django.server:124] "GET / HTTP/1.1" 200 2003
[12/Nov/2017 19:31:00] INFO [django.server:124] "GET /static/style.css HTTP/1.1" 200 365
[12/Nov/2017 19:31:00] INFO [django.server:124] "GET /static/main.js HTTP/1.1" 200 2512
[12/Nov/2017 19:31:00] INFO [django.server:124] "GET /static/img/background.png HTTP/1.1" 200 1870578
[12/Nov/2017 19:31:02] INFO [django.server:124] "GET /order/1 HTTP/1.1" 200 2302
[12/Nov/2017 19:31:04] WARNING [django.server:124] "PUT /api/order/1 HTTP/1.1" 403 46
[12/Nov/2017 19:31:15] INFO [django.server:124] "GET /order/1 HTTP/1.1" 200 2302
[12/Nov/2017 19:31:15] INFO [django.server:124] "GET /static/main.js HTTP/1.1" 304 0
[12/Nov/2017 19:31:21] WARNING [django.server:124] "PUT /api/order/1 HTTP/1.1" 403 46
[12/Nov/2017 19:32:04] INFO [django.server:124] "GET /order/1 HTTP/1.1" 200 2302
[12/Nov/2017 19:32:04] INFO [django.server:124] "GET /static/style.css HTTP/1.1" 200 365
[12/Nov/2017 19:32:04] INFO [django.server:124] "GET /static/main.js HTTP/1.1" 200 2536
[12/Nov/2017 19:32:04] INFO [django.server:124] "GET /static/img/background.png HTTP/1.1" 200 1870578
[12/Nov/2017 19:32:08] WARNING [django.server:124] "PUT /api/order/1 HTTP/1.1" 403 46
[12/Nov/2017 19:47:58] INFO [django.server:124] "GET /order/1 HTTP/1.1" 200 2302
[12/Nov/2017 19:47:58] INFO [django.server:124] "GET /static/style.css HTTP/1.1" 200 365
[12/Nov/2017 19:47:58] INFO [django.server:124] "GET /static/main.js HTTP/1.1" 200 2484
[12/Nov/2017 19:47:58] INFO [django.server:124] "GET /static/img/background.png HTTP/1.1" 200 1870578
[12/Nov/2017 19:48:00] ERROR [django.request:135] Internal Server Error: /api/order/1
Traceback (most recent call last):
  File "/Users/dimapetrov/Projects/univ/4.1/ProgrammingTechnology/Python/envlab1/lib/python3.6/site-packages/rest_framework/request.py", line 385, in __getattribute__
    return getattr(self._request, attr)
AttributeError: 'WSGIRequest' object has no attribute 'is_delivered'

During handling of the above exception, another exception occurred:

Traceback (most recent call last):
  File "/Users/dimapetrov/Projects/univ/4.1/ProgrammingTechnology/Python/envlab1/lib/python3.6/site-packages/django/core/handlers/exception.py", line 41, in inner
    response = get_response(request)
  File "/Users/dimapetrov/Projects/univ/4.1/ProgrammingTechnology/Python/envlab1/lib/python3.6/site-packages/django/core/handlers/base.py", line 187, in _get_response
    response = self.process_exception_by_middleware(e, request)
  File "/Users/dimapetrov/Projects/univ/4.1/ProgrammingTechnology/Python/envlab1/lib/python3.6/site-packages/django/core/handlers/base.py", line 185, in _get_response
    response = wrapped_callback(request, *callback_args, **callback_kwargs)
  File "/Users/dimapetrov/Projects/univ/4.1/ProgrammingTechnology/Python/envlab1/lib/python3.6/site-packages/django/views/decorators/csrf.py", line 58, in wrapped_view
    return view_func(*args, **kwargs)
  File "/Users/dimapetrov/Projects/univ/4.1/ProgrammingTechnology/Python/envlab1/lib/python3.6/site-packages/django/views/decorators/csrf.py", line 58, in wrapped_view
    return view_func(*args, **kwargs)
  File "/Users/dimapetrov/Projects/univ/4.1/ProgrammingTechnology/Python/envlab1/lib/python3.6/site-packages/django/views/generic/base.py", line 68, in view
    return self.dispatch(request, *args, **kwargs)
  File "/Users/dimapetrov/Projects/univ/4.1/ProgrammingTechnology/Python/envlab1/lib/python3.6/site-packages/rest_framework/views.py", line 489, in dispatch
    response = self.handle_exception(exc)
  File "/Users/dimapetrov/Projects/univ/4.1/ProgrammingTechnology/Python/envlab1/lib/python3.6/site-packages/rest_framework/views.py", line 449, in handle_exception
    self.raise_uncaught_exception(exc)
  File "/Users/dimapetrov/Projects/univ/4.1/ProgrammingTechnology/Python/envlab1/lib/python3.6/site-packages/rest_framework/views.py", line 486, in dispatch
    response = handler(request, *args, **kwargs)
  File "/Users/dimapetrov/Projects/univ/4.1/ProgrammingTechnology/Python/Lab-1/auto_base/views/rest_order.py", line 40, in put
    item.is_delivered = request.is_delivered
  File "/Users/dimapetrov/Projects/univ/4.1/ProgrammingTechnology/Python/envlab1/lib/python3.6/site-packages/rest_framework/request.py", line 387, in __getattribute__
    six.reraise(info[0], info[1], info[2].tb_next)
  File "/Users/dimapetrov/Projects/univ/4.1/ProgrammingTechnology/Python/envlab1/lib/python3.6/site-packages/django/utils/six.py", line 685, in reraise
    raise value.with_traceback(tb)
AttributeError: 'Request' object has no attribute 'is_delivered'
[12/Nov/2017 19:48:00] ERROR [django.server:124] "PUT /api/order/1 HTTP/1.1" 500 15764
[12/Nov/2017 19:51:03] INFO [django.server:124] "GET /order/1 HTTP/1.1" 200 2302
[12/Nov/2017 19:51:03] INFO [django.server:124] "GET /static/main.js HTTP/1.1" 304 0
[12/Nov/2017 19:51:04] ERROR [django.request:135] Internal Server Error: /api/order/1
Traceback (most recent call last):
  File "/Users/dimapetrov/Projects/univ/4.1/ProgrammingTechnology/Python/envlab1/lib/python3.6/site-packages/rest_framework/request.py", line 385, in __getattribute__
    return getattr(self._request, attr)
AttributeError: 'WSGIRequest' object has no attribute 'is_delivered'

During handling of the above exception, another exception occurred:

Traceback (most recent call last):
  File "/Users/dimapetrov/Projects/univ/4.1/ProgrammingTechnology/Python/envlab1/lib/python3.6/site-packages/django/core/handlers/exception.py", line 41, in inner
    response = get_response(request)
  File "/Users/dimapetrov/Projects/univ/4.1/ProgrammingTechnology/Python/envlab1/lib/python3.6/site-packages/django/core/handlers/base.py", line 187, in _get_response
    response = self.process_exception_by_middleware(e, request)
  File "/Users/dimapetrov/Projects/univ/4.1/ProgrammingTechnology/Python/envlab1/lib/python3.6/site-packages/django/core/handlers/base.py", line 185, in _get_response
    response = wrapped_callback(request, *callback_args, **callback_kwargs)
  File "/Users/dimapetrov/Projects/univ/4.1/ProgrammingTechnology/Python/envlab1/lib/python3.6/site-packages/django/views/decorators/csrf.py", line 58, in wrapped_view
    return view_func(*args, **kwargs)
  File "/Users/dimapetrov/Projects/univ/4.1/ProgrammingTechnology/Python/envlab1/lib/python3.6/site-packages/django/views/decorators/csrf.py", line 58, in wrapped_view
    return view_func(*args, **kwargs)
  File "/Users/dimapetrov/Projects/univ/4.1/ProgrammingTechnology/Python/envlab1/lib/python3.6/site-packages/django/views/generic/base.py", line 68, in view
    return self.dispatch(request, *args, **kwargs)
  File "/Users/dimapetrov/Projects/univ/4.1/ProgrammingTechnology/Python/envlab1/lib/python3.6/site-packages/rest_framework/views.py", line 489, in dispatch
    response = self.handle_exception(exc)
  File "/Users/dimapetrov/Projects/univ/4.1/ProgrammingTechnology/Python/envlab1/lib/python3.6/site-packages/rest_framework/views.py", line 449, in handle_exception
    self.raise_uncaught_exception(exc)
  File "/Users/dimapetrov/Projects/univ/4.1/ProgrammingTechnology/Python/envlab1/lib/python3.6/site-packages/rest_framework/views.py", line 486, in dispatch
    response = handler(request, *args, **kwargs)
  File "/Users/dimapetrov/Projects/univ/4.1/ProgrammingTechnology/Python/Lab-1/auto_base/views/rest_order.py", line 41, in put
    item.is_delivered = request.is_delivered
  File "/Users/dimapetrov/Projects/univ/4.1/ProgrammingTechnology/Python/envlab1/lib/python3.6/site-packages/rest_framework/request.py", line 387, in __getattribute__
    six.reraise(info[0], info[1], info[2].tb_next)
  File "/Users/dimapetrov/Projects/univ/4.1/ProgrammingTechnology/Python/envlab1/lib/python3.6/site-packages/django/utils/six.py", line 685, in reraise
    raise value.with_traceback(tb)
AttributeError: 'Request' object has no attribute 'is_delivered'
[12/Nov/2017 19:51:04] ERROR [django.server:124] "PUT /api/order/1 HTTP/1.1" 500 15764
[12/Nov/2017 19:51:40] INFO [django.server:124] "GET /order/1 HTTP/1.1" 200 2302
[12/Nov/2017 19:51:43] ERROR [django.request:135] Internal Server Error: /api/order/1
Traceback (most recent call last):
  File "/Users/dimapetrov/Projects/univ/4.1/ProgrammingTechnology/Python/envlab1/lib/python3.6/site-packages/rest_framework/request.py", line 385, in __getattribute__
    return getattr(self._request, attr)
AttributeError: 'WSGIRequest' object has no attribute 'is_delivered'

During handling of the above exception, another exception occurred:

Traceback (most recent call last):
  File "/Users/dimapetrov/Projects/univ/4.1/ProgrammingTechnology/Python/envlab1/lib/python3.6/site-packages/django/core/handlers/exception.py", line 41, in inner
    response = get_response(request)
  File "/Users/dimapetrov/Projects/univ/4.1/ProgrammingTechnology/Python/envlab1/lib/python3.6/site-packages/django/core/handlers/base.py", line 187, in _get_response
    response = self.process_exception_by_middleware(e, request)
  File "/Users/dimapetrov/Projects/univ/4.1/ProgrammingTechnology/Python/envlab1/lib/python3.6/site-packages/django/core/handlers/base.py", line 185, in _get_response
    response = wrapped_callback(request, *callback_args, **callback_kwargs)
  File "/Users/dimapetrov/Projects/univ/4.1/ProgrammingTechnology/Python/envlab1/lib/python3.6/site-packages/django/views/decorators/csrf.py", line 58, in wrapped_view
    return view_func(*args, **kwargs)
  File "/Users/dimapetrov/Projects/univ/4.1/ProgrammingTechnology/Python/envlab1/lib/python3.6/site-packages/django/views/decorators/csrf.py", line 58, in wrapped_view
    return view_func(*args, **kwargs)
  File "/Users/dimapetrov/Projects/univ/4.1/ProgrammingTechnology/Python/envlab1/lib/python3.6/site-packages/django/views/generic/base.py", line 68, in view
    return self.dispatch(request, *args, **kwargs)
  File "/Users/dimapetrov/Projects/univ/4.1/ProgrammingTechnology/Python/envlab1/lib/python3.6/site-packages/rest_framework/views.py", line 489, in dispatch
    response = self.handle_exception(exc)
  File "/Users/dimapetrov/Projects/univ/4.1/ProgrammingTechnology/Python/envlab1/lib/python3.6/site-packages/rest_framework/views.py", line 449, in handle_exception
    self.raise_uncaught_exception(exc)
  File "/Users/dimapetrov/Projects/univ/4.1/ProgrammingTechnology/Python/envlab1/lib/python3.6/site-packages/rest_framework/views.py", line 486, in dispatch
    response = handler(request, *args, **kwargs)
  File "/Users/dimapetrov/Projects/univ/4.1/ProgrammingTechnology/Python/Lab-1/auto_base/views/rest_order.py", line 41, in put
    item.is_delivered = request.is_delivered
  File "/Users/dimapetrov/Projects/univ/4.1/ProgrammingTechnology/Python/envlab1/lib/python3.6/site-packages/rest_framework/request.py", line 387, in __getattribute__
    six.reraise(info[0], info[1], info[2].tb_next)
  File "/Users/dimapetrov/Projects/univ/4.1/ProgrammingTechnology/Python/envlab1/lib/python3.6/site-packages/django/utils/six.py", line 685, in reraise
    raise value.with_traceback(tb)
AttributeError: 'Request' object has no attribute 'is_delivered'
[12/Nov/2017 19:51:43] ERROR [django.server:124] "PUT /api/order/1 HTTP/1.1" 500 15764
[12/Nov/2017 19:52:52] ERROR [django.request:135] Internal Server Error: /api/order/1
Traceback (most recent call last):
  File "/Users/dimapetrov/Projects/univ/4.1/ProgrammingTechnology/Python/envlab1/lib/python3.6/site-packages/django/core/handlers/exception.py", line 41, in inner
    response = get_response(request)
  File "/Users/dimapetrov/Projects/univ/4.1/ProgrammingTechnology/Python/envlab1/lib/python3.6/site-packages/django/core/handlers/base.py", line 187, in _get_response
    response = self.process_exception_by_middleware(e, request)
  File "/Users/dimapetrov/Projects/univ/4.1/ProgrammingTechnology/Python/envlab1/lib/python3.6/site-packages/django/core/handlers/base.py", line 185, in _get_response
    response = wrapped_callback(request, *callback_args, **callback_kwargs)
  File "/Users/dimapetrov/Projects/univ/4.1/ProgrammingTechnology/Python/envlab1/lib/python3.6/site-packages/django/views/decorators/csrf.py", line 58, in wrapped_view
    return view_func(*args, **kwargs)
  File "/Users/dimapetrov/Projects/univ/4.1/ProgrammingTechnology/Python/envlab1/lib/python3.6/site-packages/django/views/decorators/csrf.py", line 58, in wrapped_view
    return view_func(*args, **kwargs)
  File "/Users/dimapetrov/Projects/univ/4.1/ProgrammingTechnology/Python/envlab1/lib/python3.6/site-packages/django/views/generic/base.py", line 68, in view
    return self.dispatch(request, *args, **kwargs)
  File "/Users/dimapetrov/Projects/univ/4.1/ProgrammingTechnology/Python/envlab1/lib/python3.6/site-packages/rest_framework/views.py", line 489, in dispatch
    response = self.handle_exception(exc)
  File "/Users/dimapetrov/Projects/univ/4.1/ProgrammingTechnology/Python/envlab1/lib/python3.6/site-packages/rest_framework/views.py", line 449, in handle_exception
    self.raise_uncaught_exception(exc)
  File "/Users/dimapetrov/Projects/univ/4.1/ProgrammingTechnology/Python/envlab1/lib/python3.6/site-packages/rest_framework/views.py", line 486, in dispatch
    response = handler(request, *args, **kwargs)
  File "/Users/dimapetrov/Projects/univ/4.1/ProgrammingTechnology/Python/Lab-1/auto_base/views/rest_order.py", line 40, in put
    item.is_delivered = request.data.is_delivered
AttributeError: 'dict' object has no attribute 'is_delivered'
[12/Nov/2017 19:52:53] ERROR [django.server:124] "PUT /api/order/1 HTTP/1.1" 500 14989
[12/Nov/2017 19:52:55] INFO [django.server:124] "GET /order/1 HTTP/1.1" 200 2302
[12/Nov/2017 19:52:55] INFO [django.server:124] "GET /static/main.js HTTP/1.1" 304 0
[12/Nov/2017 19:52:56] ERROR [django.request:135] Internal Server Error: /api/order/1
Traceback (most recent call last):
  File "/Users/dimapetrov/Projects/univ/4.1/ProgrammingTechnology/Python/envlab1/lib/python3.6/site-packages/django/core/handlers/exception.py", line 41, in inner
    response = get_response(request)
  File "/Users/dimapetrov/Projects/univ/4.1/ProgrammingTechnology/Python/envlab1/lib/python3.6/site-packages/django/core/handlers/base.py", line 187, in _get_response
    response = self.process_exception_by_middleware(e, request)
  File "/Users/dimapetrov/Projects/univ/4.1/ProgrammingTechnology/Python/envlab1/lib/python3.6/site-packages/django/core/handlers/base.py", line 185, in _get_response
    response = wrapped_callback(request, *callback_args, **callback_kwargs)
  File "/Users/dimapetrov/Projects/univ/4.1/ProgrammingTechnology/Python/envlab1/lib/python3.6/site-packages/django/views/decorators/csrf.py", line 58, in wrapped_view
    return view_func(*args, **kwargs)
  File "/Users/dimapetrov/Projects/univ/4.1/ProgrammingTechnology/Python/envlab1/lib/python3.6/site-packages/django/views/decorators/csrf.py", line 58, in wrapped_view
    return view_func(*args, **kwargs)
  File "/Users/dimapetrov/Projects/univ/4.1/ProgrammingTechnology/Python/envlab1/lib/python3.6/site-packages/django/views/generic/base.py", line 68, in view
    return self.dispatch(request, *args, **kwargs)
  File "/Users/dimapetrov/Projects/univ/4.1/ProgrammingTechnology/Python/envlab1/lib/python3.6/site-packages/rest_framework/views.py", line 489, in dispatch
    response = self.handle_exception(exc)
  File "/Users/dimapetrov/Projects/univ/4.1/ProgrammingTechnology/Python/envlab1/lib/python3.6/site-packages/rest_framework/views.py", line 449, in handle_exception
    self.raise_uncaught_exception(exc)
  File "/Users/dimapetrov/Projects/univ/4.1/ProgrammingTechnology/Python/envlab1/lib/python3.6/site-packages/rest_framework/views.py", line 486, in dispatch
    response = handler(request, *args, **kwargs)
  File "/Users/dimapetrov/Projects/univ/4.1/ProgrammingTechnology/Python/Lab-1/auto_base/views/rest_order.py", line 40, in put
    item.is_delivered = request.data.is_delivered
AttributeError: 'dict' object has no attribute 'is_delivered'
[12/Nov/2017 19:52:56] ERROR [django.server:124] "PUT /api/order/1 HTTP/1.1" 500 14989
[12/Nov/2017 19:55:44] INFO [django.server:124] "GET /order/1 HTTP/1.1" 200 2302
[12/Nov/2017 19:55:44] INFO [django.server:124] "GET /static/main.js HTTP/1.1" 304 0
[12/Nov/2017 19:55:45] ERROR [django.request:135] Internal Server Error: /api/order/1
Traceback (most recent call last):
  File "/Users/dimapetrov/Projects/univ/4.1/ProgrammingTechnology/Python/envlab1/lib/python3.6/site-packages/rest_framework/request.py", line 385, in __getattribute__
    return getattr(self._request, attr)
AttributeError: 'WSGIRequest' object has no attribute 'is_delivered'

During handling of the above exception, another exception occurred:

Traceback (most recent call last):
  File "/Users/dimapetrov/Projects/univ/4.1/ProgrammingTechnology/Python/envlab1/lib/python3.6/site-packages/django/core/handlers/exception.py", line 41, in inner
    response = get_response(request)
  File "/Users/dimapetrov/Projects/univ/4.1/ProgrammingTechnology/Python/envlab1/lib/python3.6/site-packages/django/core/handlers/base.py", line 187, in _get_response
    response = self.process_exception_by_middleware(e, request)
  File "/Users/dimapetrov/Projects/univ/4.1/ProgrammingTechnology/Python/envlab1/lib/python3.6/site-packages/django/core/handlers/base.py", line 185, in _get_response
    response = wrapped_callback(request, *callback_args, **callback_kwargs)
  File "/Users/dimapetrov/Projects/univ/4.1/ProgrammingTechnology/Python/envlab1/lib/python3.6/site-packages/django/views/decorators/csrf.py", line 58, in wrapped_view
    return view_func(*args, **kwargs)
  File "/Users/dimapetrov/Projects/univ/4.1/ProgrammingTechnology/Python/envlab1/lib/python3.6/site-packages/django/views/decorators/csrf.py", line 58, in wrapped_view
    return view_func(*args, **kwargs)
  File "/Users/dimapetrov/Projects/univ/4.1/ProgrammingTechnology/Python/envlab1/lib/python3.6/site-packages/django/views/generic/base.py", line 68, in view
    return self.dispatch(request, *args, **kwargs)
  File "/Users/dimapetrov/Projects/univ/4.1/ProgrammingTechnology/Python/envlab1/lib/python3.6/site-packages/rest_framework/views.py", line 489, in dispatch
    response = self.handle_exception(exc)
  File "/Users/dimapetrov/Projects/univ/4.1/ProgrammingTechnology/Python/envlab1/lib/python3.6/site-packages/rest_framework/views.py", line 449, in handle_exception
    self.raise_uncaught_exception(exc)
  File "/Users/dimapetrov/Projects/univ/4.1/ProgrammingTechnology/Python/envlab1/lib/python3.6/site-packages/rest_framework/views.py", line 486, in dispatch
    response = handler(request, *args, **kwargs)
  File "/Users/dimapetrov/Projects/univ/4.1/ProgrammingTechnology/Python/Lab-1/auto_base/views/rest_order.py", line 42, in put
    item.is_delivered = request.is_delivered
  File "/Users/dimapetrov/Projects/univ/4.1/ProgrammingTechnology/Python/envlab1/lib/python3.6/site-packages/rest_framework/request.py", line 387, in __getattribute__
    six.reraise(info[0], info[1], info[2].tb_next)
  File "/Users/dimapetrov/Projects/univ/4.1/ProgrammingTechnology/Python/envlab1/lib/python3.6/site-packages/django/utils/six.py", line 685, in reraise
    raise value.with_traceback(tb)
AttributeError: 'Request' object has no attribute 'is_delivered'
[12/Nov/2017 19:55:45] ERROR [django.server:124] "PUT /api/order/1 HTTP/1.1" 500 15764
[12/Nov/2017 19:57:15] INFO [django.server:124] "GET /order/1 HTTP/1.1" 200 2302
[12/Nov/2017 19:57:17] ERROR [django.request:135] Internal Server Error: /api/order/1
Traceback (most recent call last):
  File "/Users/dimapetrov/Projects/univ/4.1/ProgrammingTechnology/Python/envlab1/lib/python3.6/site-packages/django/core/handlers/exception.py", line 41, in inner
    response = get_response(request)
  File "/Users/dimapetrov/Projects/univ/4.1/ProgrammingTechnology/Python/envlab1/lib/python3.6/site-packages/django/core/handlers/base.py", line 187, in _get_response
    response = self.process_exception_by_middleware(e, request)
  File "/Users/dimapetrov/Projects/univ/4.1/ProgrammingTechnology/Python/envlab1/lib/python3.6/site-packages/django/core/handlers/base.py", line 185, in _get_response
    response = wrapped_callback(request, *callback_args, **callback_kwargs)
  File "/Users/dimapetrov/Projects/univ/4.1/ProgrammingTechnology/Python/envlab1/lib/python3.6/site-packages/django/views/decorators/csrf.py", line 58, in wrapped_view
    return view_func(*args, **kwargs)
  File "/Users/dimapetrov/Projects/univ/4.1/ProgrammingTechnology/Python/envlab1/lib/python3.6/site-packages/django/views/decorators/csrf.py", line 58, in wrapped_view
    return view_func(*args, **kwargs)
  File "/Users/dimapetrov/Projects/univ/4.1/ProgrammingTechnology/Python/envlab1/lib/python3.6/site-packages/django/views/generic/base.py", line 68, in view
    return self.dispatch(request, *args, **kwargs)
  File "/Users/dimapetrov/Projects/univ/4.1/ProgrammingTechnology/Python/envlab1/lib/python3.6/site-packages/rest_framework/views.py", line 489, in dispatch
    response = self.handle_exception(exc)
  File "/Users/dimapetrov/Projects/univ/4.1/ProgrammingTechnology/Python/envlab1/lib/python3.6/site-packages/rest_framework/views.py", line 449, in handle_exception
    self.raise_uncaught_exception(exc)
  File "/Users/dimapetrov/Projects/univ/4.1/ProgrammingTechnology/Python/envlab1/lib/python3.6/site-packages/rest_framework/views.py", line 486, in dispatch
    response = handler(request, *args, **kwargs)
  File "/Users/dimapetrov/Projects/univ/4.1/ProgrammingTechnology/Python/Lab-1/auto_base/views/rest_order.py", line 42, in put
    item.is_delivered = request.data.is_delivered
AttributeError: 'dict' object has no attribute 'is_delivered'
[12/Nov/2017 19:57:17] ERROR [django.server:124] "PUT /api/order/1 HTTP/1.1" 500 14989
[12/Nov/2017 19:59:22] INFO [django.server:124] "GET /order/1 HTTP/1.1" 200 2302
[12/Nov/2017 19:59:22] INFO [django.server:124] "GET /static/main.js HTTP/1.1" 304 0
[12/Nov/2017 19:59:24] ERROR [django.request:135] Internal Server Error: /api/order/1
Traceback (most recent call last):
  File "/Users/dimapetrov/Projects/univ/4.1/ProgrammingTechnology/Python/envlab1/lib/python3.6/site-packages/django/core/handlers/exception.py", line 41, in inner
    response = get_response(request)
  File "/Users/dimapetrov/Projects/univ/4.1/ProgrammingTechnology/Python/envlab1/lib/python3.6/site-packages/django/core/handlers/base.py", line 187, in _get_response
    response = self.process_exception_by_middleware(e, request)
  File "/Users/dimapetrov/Projects/univ/4.1/ProgrammingTechnology/Python/envlab1/lib/python3.6/site-packages/django/core/handlers/base.py", line 185, in _get_response
    response = wrapped_callback(request, *callback_args, **callback_kwargs)
  File "/Users/dimapetrov/Projects/univ/4.1/ProgrammingTechnology/Python/envlab1/lib/python3.6/site-packages/django/views/decorators/csrf.py", line 58, in wrapped_view
    return view_func(*args, **kwargs)
  File "/Users/dimapetrov/Projects/univ/4.1/ProgrammingTechnology/Python/envlab1/lib/python3.6/site-packages/django/views/decorators/csrf.py", line 58, in wrapped_view
    return view_func(*args, **kwargs)
  File "/Users/dimapetrov/Projects/univ/4.1/ProgrammingTechnology/Python/envlab1/lib/python3.6/site-packages/django/views/generic/base.py", line 68, in view
    return self.dispatch(request, *args, **kwargs)
  File "/Users/dimapetrov/Projects/univ/4.1/ProgrammingTechnology/Python/envlab1/lib/python3.6/site-packages/rest_framework/views.py", line 489, in dispatch
    response = self.handle_exception(exc)
  File "/Users/dimapetrov/Projects/univ/4.1/ProgrammingTechnology/Python/envlab1/lib/python3.6/site-packages/rest_framework/views.py", line 449, in handle_exception
    self.raise_uncaught_exception(exc)
  File "/Users/dimapetrov/Projects/univ/4.1/ProgrammingTechnology/Python/envlab1/lib/python3.6/site-packages/rest_framework/views.py", line 486, in dispatch
    response = handler(request, *args, **kwargs)
  File "/Users/dimapetrov/Projects/univ/4.1/ProgrammingTechnology/Python/Lab-1/auto_base/views/rest_order.py", line 42, in put
    item.is_delivered = request.data.is_delivered
AttributeError: 'dict' object has no attribute 'is_delivered'
[12/Nov/2017 19:59:25] ERROR [django.server:124] "PUT /api/order/1 HTTP/1.1" 500 14989
[12/Nov/2017 20:00:06] INFO [django.server:124] "GET /order/1 HTTP/1.1" 200 2302
[12/Nov/2017 20:00:08] ERROR [django.request:135] Internal Server Error: /api/order/1
Traceback (most recent call last):
  File "/Users/dimapetrov/Projects/univ/4.1/ProgrammingTechnology/Python/envlab1/lib/python3.6/site-packages/django/core/handlers/exception.py", line 41, in inner
    response = get_response(request)
  File "/Users/dimapetrov/Projects/univ/4.1/ProgrammingTechnology/Python/envlab1/lib/python3.6/site-packages/django/core/handlers/base.py", line 187, in _get_response
    response = self.process_exception_by_middleware(e, request)
  File "/Users/dimapetrov/Projects/univ/4.1/ProgrammingTechnology/Python/envlab1/lib/python3.6/site-packages/django/core/handlers/base.py", line 185, in _get_response
    response = wrapped_callback(request, *callback_args, **callback_kwargs)
  File "/Users/dimapetrov/Projects/univ/4.1/ProgrammingTechnology/Python/envlab1/lib/python3.6/site-packages/django/views/decorators/csrf.py", line 58, in wrapped_view
    return view_func(*args, **kwargs)
  File "/Users/dimapetrov/Projects/univ/4.1/ProgrammingTechnology/Python/envlab1/lib/python3.6/site-packages/django/views/decorators/csrf.py", line 58, in wrapped_view
    return view_func(*args, **kwargs)
  File "/Users/dimapetrov/Projects/univ/4.1/ProgrammingTechnology/Python/envlab1/lib/python3.6/site-packages/django/views/generic/base.py", line 68, in view
    return self.dispatch(request, *args, **kwargs)
  File "/Users/dimapetrov/Projects/univ/4.1/ProgrammingTechnology/Python/envlab1/lib/python3.6/site-packages/rest_framework/views.py", line 489, in dispatch
    response = self.handle_exception(exc)
  File "/Users/dimapetrov/Projects/univ/4.1/ProgrammingTechnology/Python/envlab1/lib/python3.6/site-packages/rest_framework/views.py", line 449, in handle_exception
    self.raise_uncaught_exception(exc)
  File "/Users/dimapetrov/Projects/univ/4.1/ProgrammingTechnology/Python/envlab1/lib/python3.6/site-packages/rest_framework/views.py", line 486, in dispatch
    response = handler(request, *args, **kwargs)
  File "/Users/dimapetrov/Projects/univ/4.1/ProgrammingTechnology/Python/Lab-1/auto_base/views/rest_order.py", line 41, in put
    a = request.data.is_delivered
AttributeError: 'dict' object has no attribute 'is_delivered'
[12/Nov/2017 20:00:08] ERROR [django.server:124] "PUT /api/order/1 HTTP/1.1" 500 14973
[12/Nov/2017 20:01:11] INFO [django.server:124] "GET /order/1 HTTP/1.1" 200 2302
[12/Nov/2017 20:01:12] ERROR [django.request:135] Internal Server Error: /api/order/1
Traceback (most recent call last):
  File "/Users/dimapetrov/Projects/univ/4.1/ProgrammingTechnology/Python/envlab1/lib/python3.6/site-packages/django/core/handlers/exception.py", line 41, in inner
    response = get_response(request)
  File "/Users/dimapetrov/Projects/univ/4.1/ProgrammingTechnology/Python/envlab1/lib/python3.6/site-packages/django/core/handlers/base.py", line 187, in _get_response
    response = self.process_exception_by_middleware(e, request)
  File "/Users/dimapetrov/Projects/univ/4.1/ProgrammingTechnology/Python/envlab1/lib/python3.6/site-packages/django/core/handlers/base.py", line 185, in _get_response
    response = wrapped_callback(request, *callback_args, **callback_kwargs)
  File "/Users/dimapetrov/Projects/univ/4.1/ProgrammingTechnology/Python/envlab1/lib/python3.6/site-packages/django/views/decorators/csrf.py", line 58, in wrapped_view
    return view_func(*args, **kwargs)
  File "/Users/dimapetrov/Projects/univ/4.1/ProgrammingTechnology/Python/envlab1/lib/python3.6/site-packages/django/views/decorators/csrf.py", line 58, in wrapped_view
    return view_func(*args, **kwargs)
  File "/Users/dimapetrov/Projects/univ/4.1/ProgrammingTechnology/Python/envlab1/lib/python3.6/site-packages/django/views/generic/base.py", line 68, in view
    return self.dispatch(request, *args, **kwargs)
  File "/Users/dimapetrov/Projects/univ/4.1/ProgrammingTechnology/Python/envlab1/lib/python3.6/site-packages/rest_framework/views.py", line 489, in dispatch
    response = self.handle_exception(exc)
  File "/Users/dimapetrov/Projects/univ/4.1/ProgrammingTechnology/Python/envlab1/lib/python3.6/site-packages/rest_framework/views.py", line 449, in handle_exception
    self.raise_uncaught_exception(exc)
  File "/Users/dimapetrov/Projects/univ/4.1/ProgrammingTechnology/Python/envlab1/lib/python3.6/site-packages/rest_framework/views.py", line 486, in dispatch
    response = handler(request, *args, **kwargs)
  File "/Users/dimapetrov/Projects/univ/4.1/ProgrammingTechnology/Python/Lab-1/auto_base/views/rest_order.py", line 43, in put
    item.car.is_broken = not request.data.car_is_ok
AttributeError: 'dict' object has no attribute 'car_is_ok'
[12/Nov/2017 20:01:12] ERROR [django.server:124] "PUT /api/order/1 HTTP/1.1" 500 14985
[12/Nov/2017 20:01:38] INFO [django.server:124] "GET /order/1 HTTP/1.1" 200 2302
[12/Nov/2017 20:01:40] INFO [django.server:124] "PUT /api/order/1 HTTP/1.1" 200 65
[12/Nov/2017 20:01:40] INFO [django.server:124] "GET / HTTP/1.1" 200 2003
[12/Nov/2017 20:01:44] INFO [django.server:124] "GET /order/1 HTTP/1.1" 200 2302
[12/Nov/2017 20:01:47] INFO [django.server:124] "PUT /api/order/1 HTTP/1.1" 200 64
[12/Nov/2017 20:01:47] INFO [django.server:124] "GET / HTTP/1.1" 200 2003
[12/Nov/2017 20:01:52] INFO [django.server:124] "GET /order/1 HTTP/1.1" 200 2302
[12/Nov/2017 20:02:47] INFO [django.server:124] "GET / HTTP/1.1" 200 1677
[12/Nov/2017 20:02:47] INFO [django.server:124] "GET /static/style.css HTTP/1.1" 200 365
[12/Nov/2017 20:02:47] INFO [django.server:124] "GET /static/main.js HTTP/1.1" 200 2484
[12/Nov/2017 20:02:47] INFO [django.server:124] "GET /static/img/background.png HTTP/1.1" 200 1870578
[12/Nov/2017 20:02:47] WARNING [django.request:152] Not Found: /favicon.ico
[12/Nov/2017 20:02:47] WARNING [django.server:124] "GET /favicon.ico HTTP/1.1" 404 3737
[12/Nov/2017 20:02:53] INFO [django.server:124] "GET /admin HTTP/1.1" 301 0
[12/Nov/2017 20:02:53] INFO [django.server:124] "GET /admin/ HTTP/1.1" 302 0
[12/Nov/2017 20:02:54] INFO [django.server:124] "GET /admin/login/?next=/admin/ HTTP/1.1" 200 1647
[12/Nov/2017 20:02:54] INFO [django.server:124] "GET /static/admin/css/login.css HTTP/1.1" 200 1203
[12/Nov/2017 20:02:54] INFO [django.server:124] "GET /static/admin/css/base.css HTTP/1.1" 200 16066
[12/Nov/2017 20:02:54] INFO [django.server:124] "GET /static/admin/css/fonts.css HTTP/1.1" 200 423
[12/Nov/2017 20:02:54] INFO [django.server:124] "GET /static/admin/fonts/Roboto-Regular-webfont.woff HTTP/1.1" 200 80304
[12/Nov/2017 20:02:54] INFO [django.server:124] "GET /static/admin/fonts/Roboto-Light-webfont.woff HTTP/1.1" 200 81348
[12/Nov/2017 20:03:08] INFO [django.server:124] "POST /admin/login/?next=/admin/ HTTP/1.1" 302 0
[12/Nov/2017 20:03:08] INFO [django.server:124] "GET /admin/ HTTP/1.1" 200 7228
[12/Nov/2017 20:03:08] INFO [django.server:124] "GET /static/admin/css/dashboard.css HTTP/1.1" 200 412
[12/Nov/2017 20:03:08] INFO [django.server:124] "GET /static/admin/img/icon-addlink.svg HTTP/1.1" 200 331
[12/Nov/2017 20:03:08] INFO [django.server:124] "GET /static/admin/img/icon-changelink.svg HTTP/1.1" 200 380
[12/Nov/2017 20:03:08] INFO [django.server:124] "GET /static/admin/fonts/Roboto-Bold-webfont.woff HTTP/1.1" 200 82564
[12/Nov/2017 20:03:08] INFO [django.server:124] "GET /static/admin/img/icon-deletelink.svg HTTP/1.1" 200 392
[12/Nov/2017 20:03:19] INFO [django.server:124] "GET /admin/auto_base/trip/ HTTP/1.1" 200 4174
[12/Nov/2017 20:03:19] INFO [django.server:124] "GET /static/admin/css/changelists.css HTTP/1.1" 200 6170
[12/Nov/2017 20:03:19] INFO [django.server:124] "GET /static/admin/js/core.js HTTP/1.1" 200 7976
[12/Nov/2017 20:03:19] INFO [django.server:124] "GET /static/admin/js/jquery.init.js HTTP/1.1" 200 363
[12/Nov/2017 20:03:19] INFO [django.server:124] "GET /static/admin/js/admin/RelatedObjectLookups.js HTTP/1.1" 200 6591
[12/Nov/2017 20:03:19] INFO [django.server:124] "GET /static/admin/js/urlify.js HTTP/1.1" 200 8186
[12/Nov/2017 20:03:19] INFO [django.server:124] "GET /static/admin/js/actions.js HTTP/1.1" 200 6501
[12/Nov/2017 20:03:19] INFO [django.server:124] "GET /admin/jsi18n/ HTTP/1.1" 200 3189
[12/Nov/2017 20:03:19] INFO [django.server:124] "GET /static/admin/js/prepopulate.js HTTP/1.1" 200 1538
[12/Nov/2017 20:03:19] INFO [django.server:124] "GET /static/admin/js/vendor/jquery/jquery.js HTTP/1.1" 200 258648
[12/Nov/2017 20:03:19] INFO [django.server:124] "GET /static/admin/js/vendor/xregexp/xregexp.js HTTP/1.1" 200 128820
[12/Nov/2017 20:03:19] INFO [django.server:124] "GET /static/admin/img/tooltag-add.svg HTTP/1.1" 200 331
[12/Nov/2017 20:03:21] INFO [django.server:124] "GET /admin/ HTTP/1.1" 200 7228
[12/Nov/2017 20:03:22] INFO [django.server:124] "GET /admin/auto_base/order/ HTTP/1.1" 200 4193
[12/Nov/2017 20:03:22] INFO [django.server:124] "GET /admin/jsi18n/ HTTP/1.1" 200 3189
[12/Nov/2017 20:03:24] INFO [django.server:124] "GET /admin/auto_base/order/1/change/ HTTP/1.1" 200 6713
[12/Nov/2017 20:03:24] INFO [django.server:124] "GET /static/admin/css/forms.css HTTP/1.1" 200 8173
[12/Nov/2017 20:03:24] INFO [django.server:124] "GET /admin/jsi18n/ HTTP/1.1" 200 3189
[12/Nov/2017 20:03:24] INFO [django.server:124] "GET /static/admin/js/change_form.js HTTP/1.1" 200 712
[12/Nov/2017 20:03:24] INFO [django.server:124] "GET /static/admin/css/widgets.css HTTP/1.1" 200 10340
[12/Nov/2017 20:03:24] INFO [django.server:124] "GET /static/admin/js/prepopulate_init.js HTTP/1.1" 200 495
[12/Nov/2017 20:03:27] INFO [django.server:124] "GET /admin/auto_base/order/ HTTP/1.1" 200 4193
[12/Nov/2017 20:03:29] INFO [django.server:124] "GET /admin/ HTTP/1.1" 200 7228
[12/Nov/2017 20:03:30] INFO [django.server:124] "GET /admin/auto_base/car/ HTTP/1.1" 200 4155
[12/Nov/2017 20:03:30] INFO [django.server:124] "GET /admin/jsi18n/ HTTP/1.1" 200 3189
[12/Nov/2017 20:03:31] INFO [django.server:124] "GET /admin/auto_base/car/1/change/ HTTP/1.1" 200 7592
[12/Nov/2017 20:03:31] INFO [django.server:124] "GET /admin/jsi18n/ HTTP/1.1" 200 3189
[12/Nov/2017 20:06:41] INFO [django.server:124] "PUT /api/order/1 HTTP/1.1" 200 65
[12/Nov/2017 20:06:41] INFO [django.server:124] "GET / HTTP/1.1" 200 2003
[12/Nov/2017 20:06:41] INFO [django.server:124] "GET /static/main.js HTTP/1.1" 304 0
[12/Nov/2017 20:06:46] INFO [django.server:124] "GET /admin/auto_base/car/1/change/ HTTP/1.1" 200 7592
[12/Nov/2017 20:06:46] INFO [django.server:124] "GET /admin/jsi18n/ HTTP/1.1" 200 3189
[12/Nov/2017 20:11:19] INFO [django.server:124] "GET / HTTP/1.1" 200 2003
[12/Nov/2017 20:11:19] INFO [django.server:124] "GET /static/main.js HTTP/1.1" 200 1974
[12/Nov/2017 20:11:20] INFO [django.server:124] "GET /order/1 HTTP/1.1" 200 2302
[12/Nov/2017 20:11:20] INFO [django.server:124] "GET /static/main.js HTTP/1.1" 304 0
[12/Nov/2017 20:11:26] WARNING [django.server:124] "PUT /api/order/1 HTTP/1.1" 400 2
[12/Nov/2017 20:11:53] INFO [django.server:124] "GET /order/1 HTTP/1.1" 200 2302
[12/Nov/2017 20:11:53] INFO [django.server:124] "GET /static/main.js HTTP/1.1" 304 0
[12/Nov/2017 20:11:55] INFO [django.server:124] "PUT /api/order/1 HTTP/1.1" 200 124
[12/Nov/2017 20:11:55] INFO [django.server:124] "GET / HTTP/1.1" 200 2003
[12/Nov/2017 20:11:56] INFO [django.server:124] "GET /order/1 HTTP/1.1" 200 2302
[12/Nov/2017 20:12:01] INFO [django.server:124] "GET /admin/auto_base/car/1/change/ HTTP/1.1" 200 7600
[12/Nov/2017 20:12:01] INFO [django.server:124] "GET /admin/jsi18n/ HTTP/1.1" 200 3189
[12/Nov/2017 20:15:33] INFO [django.server:124] "GET /order/1 HTTP/1.1" 200 2310
[12/Nov/2017 20:15:33] INFO [django.server:124] "GET /static/style.css HTTP/1.1" 200 365
[12/Nov/2017 20:15:33] INFO [django.server:124] "GET /static/main.js HTTP/1.1" 200 1982
[12/Nov/2017 20:15:34] INFO [django.server:124] "GET /static/img/background.png HTTP/1.1" 200 1870578
[12/Nov/2017 20:15:39] INFO [django.server:124] "PUT /api/order/1 HTTP/1.1" 200 125
[12/Nov/2017 20:15:39] INFO [django.server:124] "GET / HTTP/1.1" 200 2003
[12/Nov/2017 20:15:39] INFO [django.server:124] "GET /static/main.js HTTP/1.1" 304 0
[12/Nov/2017 20:15:45] INFO [django.server:124] "GET /admin/auto_base/car/1/change/ HTTP/1.1" 200 7592
[12/Nov/2017 20:15:45] INFO [django.server:124] "GET /static/admin/css/forms.css HTTP/1.1" 200 8173
[12/Nov/2017 20:15:45] INFO [django.server:124] "GET /static/admin/css/base.css HTTP/1.1" 200 16066
[12/Nov/2017 20:15:45] INFO [django.server:124] "GET /static/admin/js/core.js HTTP/1.1" 200 7976
[12/Nov/2017 20:15:45] INFO [django.server:124] "GET /static/admin/js/jquery.init.js HTTP/1.1" 200 363
[12/Nov/2017 20:15:45] INFO [django.server:124] "GET /static/admin/js/actions.js HTTP/1.1" 200 6501
[12/Nov/2017 20:15:45] INFO [django.server:124] "GET /static/admin/js/admin/RelatedObjectLookups.js HTTP/1.1" 200 6591
[12/Nov/2017 20:15:45] INFO [django.server:124] "GET /static/admin/js/urlify.js HTTP/1.1" 200 8186
[12/Nov/2017 20:15:45] INFO [django.server:124] "GET /static/admin/js/prepopulate.js HTTP/1.1" 200 1538
[12/Nov/2017 20:15:45] INFO [django.server:124] "GET /static/admin/js/vendor/jquery/jquery.js HTTP/1.1" 200 258648
[12/Nov/2017 20:15:45] INFO [django.server:124] "GET /static/admin/js/vendor/xregexp/xregexp.js HTTP/1.1" 200 128820
[12/Nov/2017 20:15:45] INFO [django.server:124] "GET /admin/jsi18n/ HTTP/1.1" 200 3189
[12/Nov/2017 20:15:45] INFO [django.server:124] "GET /static/admin/css/fonts.css HTTP/1.1" 200 423
[12/Nov/2017 20:15:45] INFO [django.server:124] "GET /static/admin/css/widgets.css HTTP/1.1" 200 10340
[12/Nov/2017 20:15:45] INFO [django.server:124] "GET /static/admin/js/change_form.js HTTP/1.1" 200 712
[12/Nov/2017 20:15:45] INFO [django.server:124] "GET /static/admin/js/prepopulate_init.js HTTP/1.1" 200 495
[12/Nov/2017 20:15:45] INFO [django.server:124] "GET /static/admin/img/icon-changelink.svg HTTP/1.1" 200 380
[12/Nov/2017 20:15:45] INFO [django.server:124] "GET /static/admin/img/icon-addlink.svg HTTP/1.1" 200 331
[12/Nov/2017 20:15:45] INFO [django.server:124] "GET /static/admin/fonts/Roboto-Light-webfont.woff HTTP/1.1" 200 81348
[12/Nov/2017 20:15:45] INFO [django.server:124] "GET /static/admin/fonts/Roboto-Regular-webfont.woff HTTP/1.1" 200 80304
[12/Nov/2017 20:15:45] INFO [django.server:124] "GET /static/admin/fonts/Roboto-Bold-webfont.woff HTTP/1.1" 200 82564
[12/Nov/2017 20:16:28] INFO [django.server:124] "GET /order/1 HTTP/1.1" 200 2170
[12/Nov/2017 20:16:28] INFO [django.server:124] "GET /static/main.js HTTP/1.1" 304 0
[12/Nov/2017 20:16:29] INFO [django.server:124] "GET /order/1 HTTP/1.1" 200 2170
[12/Nov/2017 20:16:32] INFO [django.server:124] "PUT /api/order/1 HTTP/1.1" 200 125
[12/Nov/2017 20:16:32] INFO [django.server:124] "GET / HTTP/1.1" 200 2003
[12/Nov/2017 20:16:34] INFO [django.server:124] "GET /order/1 HTTP/1.1" 200 2170
[12/Nov/2017 20:21:53] INFO [django.server:124] "GET /order/1 HTTP/1.1" 200 2192
[12/Nov/2017 20:21:53] INFO [django.server:124] "GET /static/main.js HTTP/1.1" 304 0
